paź 30, 2017 12:18:24 PM config.LoggerConfig init
INFO: Logger initiated.
paź 30, 2017 12:18:25 PM model.Polygon <init>
INFO: Crossing point: 0.0 0.0
paź 30, 2017 12:18:25 PM PermutationAlgorithm findBestPermutation
INFO: For permutation: A B D E C F  Crossing detected. Not a polygon
paź 30, 2017 12:18:25 PM model.Polygon <init>
INFO: Crossing point: 0.0 0.0
paź 30, 2017 12:18:25 PM PermutationAlgorithm findBestPermutation
INFO: For permutation: A B D E F C  Crossing detected. Not a polygon
paź 30, 2017 12:18:25 PM model.Polygon <init>
INFO: Crossing point: 1.0 1.0
paź 30, 2017 12:18:25 PM PermutationAlgorithm findBestPermutation
INFO: For permutation: A B E D C F  Crossing detected. Not a polygon
paź 30, 2017 12:18:25 PM model.Polygon <init>
INFO: Crossing point: 1.0 1.0
paź 30, 2017 12:18:25 PM PermutationAlgorithm findBestPermutation
INFO: For permutation: A B E D F C  Crossing detected. Not a polygon
paź 30, 2017 12:18:25 PM model.Polygon <init>
INFO: Crossing point: 1.0 1.0
paź 30, 2017 12:18:25 PM PermutationAlgorithm findBestPermutation
INFO: For permutation: A B E C D F  Crossing detected. Not a polygon
paź 30, 2017 12:18:25 PM model.Polygon <init>
INFO: Crossing point: 1.0 1.0
paź 30, 2017 12:18:25 PM PermutationAlgorithm findBestPermutation
INFO: For permutation: A B E C F D  Crossing detected. Not a polygon
paź 30, 2017 12:18:25 PM model.Polygon <init>
INFO: Crossing point: 1.0 1.0
paź 30, 2017 12:18:25 PM PermutationAlgorithm findBestPermutation
INFO: For permutation: A B E F C D  Crossing detected. Not a polygon
paź 30, 2017 12:18:25 PM model.Polygon <init>
INFO: Crossing point: 1.0 1.0
paź 30, 2017 12:18:25 PM PermutationAlgorithm findBestPermutation
INFO: For permutation: A B E F D C  Crossing detected. Not a polygon
paź 30, 2017 12:18:25 PM model.Polygon <init>
INFO: Crossing point: 0.0 0.0
paź 30, 2017 12:18:25 PM PermutationAlgorithm findBestPermutation
INFO: For permutation: A B F E D C  Crossing detected. Not a polygon
paź 30, 2017 12:18:25 PM model.Polygon <init>
INFO: Crossing point: 0.0 0.0
paź 30, 2017 12:18:25 PM PermutationAlgorithm findBestPermutation
INFO: For permutation: A B F E C D  Crossing detected. Not a polygon
paź 30, 2017 12:18:25 PM model.Polygon <init>
INFO: Crossing point: 2.0 0.0
paź 30, 2017 12:18:25 PM PermutationAlgorithm findBestPermutation
INFO: For permutation: A C B E D F  Crossing detected. Not a polygon
paź 30, 2017 12:18:25 PM model.Polygon <init>
INFO: Crossing point: 2.0 0.0
paź 30, 2017 12:18:25 PM PermutationAlgorithm findBestPermutation
INFO: For permutation: A C B E F D  Crossing detected. Not a polygon
paź 30, 2017 12:18:25 PM model.Polygon <init>
INFO: Crossing point: 1.0 -1.0
paź 30, 2017 12:18:25 PM PermutationAlgorithm findBestPermutation
INFO: For permutation: A C D B E F  Crossing detected. Not a polygon
paź 30, 2017 12:18:25 PM model.Polygon <init>
INFO: Crossing point: 1.0 -1.0
paź 30, 2017 12:18:25 PM PermutationAlgorithm findBestPermutation
INFO: For permutation: A C D E B F  Crossing detected. Not a polygon
paź 30, 2017 12:18:25 PM model.Polygon <init>
INFO: Crossing point: 0.0 -2.0
paź 30, 2017 12:18:25 PM PermutationAlgorithm findBestPermutation
INFO: For permutation: A C D F E B  Crossing detected. Not a polygon
paź 30, 2017 12:18:25 PM model.Polygon <init>
INFO: Crossing point: 0.0 -2.0
paź 30, 2017 12:18:25 PM PermutationAlgorithm findBestPermutation
INFO: For permutation: A C D F B E  Crossing detected. Not a polygon
paź 30, 2017 12:18:25 PM model.Polygon <init>
INFO: Crossing point: 2.0 0.0
paź 30, 2017 12:18:25 PM PermutationAlgorithm findBestPermutation
INFO: For permutation: A C E B D F  Crossing detected. Not a polygon
paź 30, 2017 12:18:25 PM model.Polygon <init>
INFO: Crossing point: 2.0 0.0
paź 30, 2017 12:18:25 PM PermutationAlgorithm findBestPermutation
INFO: For permutation: A C E B F D  Crossing detected. Not a polygon
paź 30, 2017 12:18:25 PM model.Polygon <init>
INFO: Crossing point: 0.0 -2.0
paź 30, 2017 12:18:25 PM PermutationAlgorithm findBestPermutation
INFO: For permutation: A C F D E B  Crossing detected. Not a polygon
paź 30, 2017 12:18:25 PM model.Polygon <init>
INFO: Crossing point: 0.0 -2.0
paź 30, 2017 12:18:25 PM PermutationAlgorithm findBestPermutation
INFO: For permutation: A C F D B E  Crossing detected. Not a polygon
paź 30, 2017 12:18:25 PM model.Polygon <init>
INFO: Crossing point: 1.0 -1.0
paź 30, 2017 12:18:25 PM PermutationAlgorithm findBestPermutation
INFO: For permutation: A C F E B D  Crossing detected. Not a polygon
paź 30, 2017 12:18:25 PM model.Polygon <init>
INFO: Crossing point: 1.0 -1.0
paź 30, 2017 12:18:25 PM PermutationAlgorithm findBestPermutation
INFO: For permutation: A C F B E D  Crossing detected. Not a polygon
paź 30, 2017 12:18:25 PM model.Polygon <init>
INFO: Crossing point: 0.0 0.0
paź 30, 2017 12:18:25 PM PermutationAlgorithm findBestPermutation
INFO: For permutation: A D C B E F  Crossing detected. Not a polygon
paź 30, 2017 12:18:25 PM model.Polygon <init>
INFO: Crossing point: 0.0 0.0
paź 30, 2017 12:18:25 PM PermutationAlgorithm findBestPermutation
INFO: For permutation: A D C B F E  Crossing detected. Not a polygon
paź 30, 2017 12:18:25 PM model.Polygon <init>
INFO: Crossing point: 0.0 0.0
paź 30, 2017 12:18:25 PM PermutationAlgorithm findBestPermutation
INFO: For permutation: A D C E B F  Crossing detected. Not a polygon
paź 30, 2017 12:18:25 PM model.Polygon <init>
INFO: Crossing point: 0.0 0.0
paź 30, 2017 12:18:25 PM PermutationAlgorithm findBestPermutation
INFO: For permutation: A D C E F B  Crossing detected. Not a polygon
paź 30, 2017 12:18:25 PM model.Polygon <init>
INFO: Crossing point: 0.0 0.0
paź 30, 2017 12:18:25 PM PermutationAlgorithm findBestPermutation
INFO: For permutation: A D C F E B  Crossing detected. Not a polygon
paź 30, 2017 12:18:25 PM model.Polygon <init>
INFO: Crossing point: 0.0 0.0
paź 30, 2017 12:18:25 PM PermutationAlgorithm findBestPermutation
INFO: For permutation: A D C F B E  Crossing detected. Not a polygon
paź 30, 2017 12:18:25 PM model.Polygon <init>
INFO: Crossing point: 0.0 0.0
paź 30, 2017 12:18:25 PM PermutationAlgorithm findBestPermutation
INFO: For permutation: A D B C E F  Crossing detected. Not a polygon
paź 30, 2017 12:18:25 PM model.Polygon <init>
INFO: Crossing point: 0.0 0.0
paź 30, 2017 12:18:25 PM PermutationAlgorithm findBestPermutation
INFO: For permutation: A D B C F E  Crossing detected. Not a polygon
paź 30, 2017 12:18:25 PM model.Polygon <init>
INFO: Crossing point: 0.0 0.0
paź 30, 2017 12:18:25 PM PermutationAlgorithm findBestPermutation
INFO: For permutation: A D B E C F  Crossing detected. Not a polygon
paź 30, 2017 12:18:25 PM model.Polygon <init>
INFO: Crossing point: 0.0 0.0
paź 30, 2017 12:18:25 PM PermutationAlgorithm findBestPermutation
INFO: For permutation: A D B E F C  Crossing detected. Not a polygon
paź 30, 2017 12:18:25 PM model.Polygon <init>
INFO: Crossing point: 0.0 0.0
paź 30, 2017 12:18:25 PM PermutationAlgorithm findBestPermutation
INFO: For permutation: A D B F E C  Crossing detected. Not a polygon
paź 30, 2017 12:18:25 PM model.Polygon <init>
INFO: Crossing point: 0.0 0.0
paź 30, 2017 12:18:25 PM PermutationAlgorithm findBestPermutation
INFO: For permutation: A D B F C E  Crossing detected. Not a polygon
paź 30, 2017 12:18:25 PM model.Polygon <init>
INFO: Crossing point: 0.0 0.0
paź 30, 2017 12:18:25 PM PermutationAlgorithm findBestPermutation
INFO: For permutation: A D E B C F  Crossing detected. Not a polygon
paź 30, 2017 12:18:25 PM model.Polygon <init>
INFO: Crossing point: 0.0 0.0
paź 30, 2017 12:18:25 PM PermutationAlgorithm findBestPermutation
INFO: For permutation: A D E B F C  Crossing detected. Not a polygon
paź 30, 2017 12:18:25 PM model.Polygon <init>
INFO: Crossing point: 0.0 0.0
paź 30, 2017 12:18:25 PM PermutationAlgorithm findBestPermutation
INFO: For permutation: A D E C B F  Crossing detected. Not a polygon
paź 30, 2017 12:18:25 PM model.Polygon <init>
INFO: Crossing point: 0.0 0.0
paź 30, 2017 12:18:25 PM PermutationAlgorithm findBestPermutation
INFO: For permutation: A D E C F B  Crossing detected. Not a polygon
paź 30, 2017 12:18:25 PM model.Polygon <init>
INFO: Crossing point: 0.0 0.0
paź 30, 2017 12:18:25 PM PermutationAlgorithm findBestPermutation
INFO: For permutation: A D E F C B  Crossing detected. Not a polygon
paź 30, 2017 12:18:25 PM model.Polygon <init>
INFO: Crossing point: 0.0 0.0
paź 30, 2017 12:18:25 PM PermutationAlgorithm findBestPermutation
INFO: For permutation: A D E F B C  Crossing detected. Not a polygon
paź 30, 2017 12:18:25 PM model.Polygon <init>
INFO: Crossing point: -1.0 -1.0
paź 30, 2017 12:18:25 PM PermutationAlgorithm findBestPermutation
INFO: For permutation: A D F B E C  Crossing detected. Not a polygon
paź 30, 2017 12:18:25 PM model.Polygon <init>
INFO: Crossing point: -1.0 -1.0
paź 30, 2017 12:18:25 PM PermutationAlgorithm findBestPermutation
INFO: For permutation: A D F E B C  Crossing detected. Not a polygon
paź 30, 2017 12:18:25 PM model.Polygon <init>
INFO: Crossing point: -0.0 -2.0
paź 30, 2017 12:18:25 PM PermutationAlgorithm findBestPermutation
INFO: For permutation: A D F C E B  Crossing detected. Not a polygon
paź 30, 2017 12:18:25 PM model.Polygon <init>
INFO: Crossing point: -0.0 -2.0
paź 30, 2017 12:18:25 PM PermutationAlgorithm findBestPermutation
INFO: For permutation: A D F C B E  Crossing detected. Not a polygon
paź 30, 2017 12:18:25 PM model.Polygon <init>
INFO: Crossing point: 0.5 0.5
paź 30, 2017 12:18:25 PM PermutationAlgorithm findBestPermutation
INFO: For permutation: A E C D B F  Crossing detected. Not a polygon
paź 30, 2017 12:18:25 PM model.Polygon <init>
INFO: Crossing point: 0.5 0.5
paź 30, 2017 12:18:25 PM PermutationAlgorithm findBestPermutation
INFO: For permutation: A E C D F B  Crossing detected. Not a polygon
paź 30, 2017 12:18:25 PM model.Polygon <init>
INFO: Crossing point: 0.5 0.5
paź 30, 2017 12:18:25 PM PermutationAlgorithm findBestPermutation
INFO: For permutation: A E C B D F  Crossing detected. Not a polygon
paź 30, 2017 12:18:25 PM model.Polygon <init>
INFO: Crossing point: 0.5 0.5
paź 30, 2017 12:18:25 PM PermutationAlgorithm findBestPermutation
INFO: For permutation: A E C B F D  Crossing detected. Not a polygon
paź 30, 2017 12:18:25 PM model.Polygon <init>
INFO: Crossing point: 0.5 0.5
paź 30, 2017 12:18:25 PM PermutationAlgorithm findBestPermutation
INFO: For permutation: A E C F B D  Crossing detected. Not a polygon
paź 30, 2017 12:18:25 PM model.Polygon <init>
INFO: Crossing point: 0.5 0.5
paź 30, 2017 12:18:25 PM PermutationAlgorithm findBestPermutation
INFO: For permutation: A E C F D B  Crossing detected. Not a polygon
paź 30, 2017 12:18:25 PM model.Polygon <init>
INFO: Crossing point: 0.0 0.0
paź 30, 2017 12:18:25 PM PermutationAlgorithm findBestPermutation
INFO: For permutation: A E D B C F  Crossing detected. Not a polygon
paź 30, 2017 12:18:25 PM model.Polygon <init>
INFO: Crossing point: 0.0 0.0
paź 30, 2017 12:18:25 PM PermutationAlgorithm findBestPermutation
INFO: For permutation: A E D B F C  Crossing detected. Not a polygon
paź 30, 2017 12:18:25 PM model.Polygon <init>
INFO: Crossing point: 1.0 1.0
paź 30, 2017 12:18:25 PM PermutationAlgorithm findBestPermutation
INFO: For permutation: A E B D C F  Crossing detected. Not a polygon
paź 30, 2017 12:18:25 PM model.Polygon <init>
INFO: Crossing point: 1.0 1.0
paź 30, 2017 12:18:25 PM PermutationAlgorithm findBestPermutation
INFO: For permutation: A E B D F C  Crossing detected. Not a polygon
paź 30, 2017 12:18:25 PM model.Polygon <init>
INFO: Crossing point: 1.0 1.0
paź 30, 2017 12:18:25 PM PermutationAlgorithm findBestPermutation
INFO: For permutation: A E B C D F  Crossing detected. Not a polygon
paź 30, 2017 12:18:25 PM model.Polygon <init>
INFO: Crossing point: 1.0 1.0
paź 30, 2017 12:18:25 PM PermutationAlgorithm findBestPermutation
INFO: For permutation: A E B C F D  Crossing detected. Not a polygon
paź 30, 2017 12:18:25 PM model.Polygon <init>
INFO: Crossing point: 1.0 1.0
paź 30, 2017 12:18:25 PM PermutationAlgorithm findBestPermutation
INFO: For permutation: A E B F C D  Crossing detected. Not a polygon
paź 30, 2017 12:18:25 PM model.Polygon <init>
INFO: Crossing point: 1.0 1.0
paź 30, 2017 12:18:25 PM PermutationAlgorithm findBestPermutation
INFO: For permutation: A E B F D C  Crossing detected. Not a polygon
paź 30, 2017 12:18:25 PM model.Polygon <init>
INFO: Crossing point: 0.0 0.0
paź 30, 2017 12:18:25 PM PermutationAlgorithm findBestPermutation
INFO: For permutation: A E F B D C  Crossing detected. Not a polygon
paź 30, 2017 12:18:25 PM model.Polygon <init>
INFO: Crossing point: 0.0 0.0
paź 30, 2017 12:18:25 PM PermutationAlgorithm findBestPermutation
INFO: For permutation: A E F B C D  Crossing detected. Not a polygon
paź 30, 2017 12:18:25 PM model.Polygon <init>
INFO: Crossing point: 0.0 0.0
paź 30, 2017 12:18:25 PM PermutationAlgorithm findBestPermutation
INFO: For permutation: A F C D E B  Crossing detected. Not a polygon
paź 30, 2017 12:18:25 PM model.Polygon <init>
INFO: Crossing point: 0.0 0.0
paź 30, 2017 12:18:25 PM PermutationAlgorithm findBestPermutation
INFO: For permutation: A F C D B E  Crossing detected. Not a polygon
paź 30, 2017 12:18:25 PM model.Polygon <init>
INFO: Crossing point: 0.0 0.0
paź 30, 2017 12:18:25 PM PermutationAlgorithm findBestPermutation
INFO: For permutation: A F C E D B  Crossing detected. Not a polygon
paź 30, 2017 12:18:25 PM model.Polygon <init>
INFO: Crossing point: 0.0 0.0
paź 30, 2017 12:18:25 PM PermutationAlgorithm findBestPermutation
INFO: For permutation: A F C E B D  Crossing detected. Not a polygon
paź 30, 2017 12:18:25 PM model.Polygon <init>
INFO: Crossing point: 0.0 0.0
paź 30, 2017 12:18:25 PM PermutationAlgorithm findBestPermutation
INFO: For permutation: A F C B E D  Crossing detected. Not a polygon
paź 30, 2017 12:18:25 PM model.Polygon <init>
INFO: Crossing point: 0.0 0.0
paź 30, 2017 12:18:25 PM PermutationAlgorithm findBestPermutation
INFO: For permutation: A F C B D E  Crossing detected. Not a polygon
paź 30, 2017 12:18:25 PM model.Polygon <init>
INFO: Crossing point: -0.0 -2.0
paź 30, 2017 12:18:25 PM PermutationAlgorithm findBestPermutation
INFO: For permutation: A F D C E B  Crossing detected. Not a polygon
paź 30, 2017 12:18:25 PM model.Polygon <init>
INFO: Crossing point: -0.0 -2.0
paź 30, 2017 12:18:25 PM PermutationAlgorithm findBestPermutation
INFO: For permutation: A F D C B E  Crossing detected. Not a polygon
paź 30, 2017 12:18:25 PM model.Polygon <init>
INFO: Crossing point: -1.0 -1.0
paź 30, 2017 12:18:25 PM PermutationAlgorithm findBestPermutation
INFO: For permutation: A F D E B C  Crossing detected. Not a polygon
paź 30, 2017 12:18:25 PM model.Polygon <init>
INFO: Crossing point: -1.0 -1.0
paź 30, 2017 12:18:25 PM PermutationAlgorithm findBestPermutation
INFO: For permutation: A F D B E C  Crossing detected. Not a polygon
paź 30, 2017 12:18:25 PM model.Polygon <init>
INFO: Crossing point: 0.0 0.0
paź 30, 2017 12:18:25 PM PermutationAlgorithm findBestPermutation
INFO: For permutation: A F E D C B  Crossing detected. Not a polygon
paź 30, 2017 12:18:25 PM model.Polygon <init>
INFO: Crossing point: 0.0 0.0
paź 30, 2017 12:18:25 PM PermutationAlgorithm findBestPermutation
INFO: For permutation: A F E D B C  Crossing detected. Not a polygon
paź 30, 2017 12:18:25 PM model.Polygon <init>
INFO: Crossing point: 0.0 0.0
paź 30, 2017 12:18:25 PM PermutationAlgorithm findBestPermutation
INFO: For permutation: A F E C D B  Crossing detected. Not a polygon
paź 30, 2017 12:18:25 PM model.Polygon <init>
INFO: Crossing point: 0.0 0.0
paź 30, 2017 12:18:25 PM PermutationAlgorithm findBestPermutation
INFO: For permutation: A F E C B D  Crossing detected. Not a polygon
paź 30, 2017 12:18:25 PM model.Polygon <init>
INFO: Crossing point: 0.0 0.0
paź 30, 2017 12:18:25 PM PermutationAlgorithm findBestPermutation
INFO: For permutation: A F E B C D  Crossing detected. Not a polygon
paź 30, 2017 12:18:25 PM model.Polygon <init>
INFO: Crossing point: 0.0 0.0
paź 30, 2017 12:18:25 PM PermutationAlgorithm findBestPermutation
INFO: For permutation: A F E B D C  Crossing detected. Not a polygon
paź 30, 2017 12:18:25 PM model.Polygon <init>
INFO: Crossing point: 0.0 0.0
paź 30, 2017 12:18:25 PM PermutationAlgorithm findBestPermutation
INFO: For permutation: A F B D E C  Crossing detected. Not a polygon
paź 30, 2017 12:18:25 PM model.Polygon <init>
INFO: Crossing point: 0.0 0.0
paź 30, 2017 12:18:25 PM PermutationAlgorithm findBestPermutation
INFO: For permutation: A F B D C E  Crossing detected. Not a polygon
paź 30, 2017 12:18:25 PM model.Polygon <init>
INFO: Crossing point: 0.0 0.0
paź 30, 2017 12:18:25 PM PermutationAlgorithm findBestPermutation
INFO: For permutation: A F B E D C  Crossing detected. Not a polygon
paź 30, 2017 12:18:25 PM model.Polygon <init>
INFO: Crossing point: 0.0 0.0
paź 30, 2017 12:18:25 PM PermutationAlgorithm findBestPermutation
INFO: For permutation: A F B E C D  Crossing detected. Not a polygon
paź 30, 2017 12:18:25 PM model.Polygon <init>
INFO: Crossing point: 0.0 0.0
paź 30, 2017 12:18:25 PM PermutationAlgorithm findBestPermutation
INFO: For permutation: A F B C E D  Crossing detected. Not a polygon
paź 30, 2017 12:18:25 PM model.Polygon <init>
INFO: Crossing point: 0.0 0.0
paź 30, 2017 12:18:25 PM PermutationAlgorithm findBestPermutation
INFO: For permutation: A F B C D E  Crossing detected. Not a polygon
paź 30, 2017 12:18:25 PM model.Polygon <init>
INFO: Crossing point: 1.0 0.0
paź 30, 2017 12:18:25 PM PermutationAlgorithm findBestPermutation
INFO: For permutation: B A D C E F  Crossing detected. Not a polygon
paź 30, 2017 12:18:25 PM model.Polygon <init>
INFO: Crossing point: 1.0 0.0
paź 30, 2017 12:18:25 PM PermutationAlgorithm findBestPermutation
INFO: For permutation: B A D C F E  Crossing detected. Not a polygon
paź 30, 2017 12:18:25 PM model.Polygon <init>
INFO: Crossing point: 1.0 0.0
paź 30, 2017 12:18:25 PM PermutationAlgorithm findBestPermutation
INFO: For permutation: B A D E C F  Crossing detected. Not a polygon
paź 30, 2017 12:18:25 PM model.Polygon <init>
INFO: Crossing point: 1.0 0.0
paź 30, 2017 12:18:25 PM PermutationAlgorithm findBestPermutation
INFO: For permutation: B A D E F C  Crossing detected. Not a polygon
paź 30, 2017 12:18:25 PM model.Polygon <init>
INFO: Crossing point: 1.0 0.0
paź 30, 2017 12:18:25 PM PermutationAlgorithm findBestPermutation
INFO: For permutation: B A D F E C  Crossing detected. Not a polygon
paź 30, 2017 12:18:25 PM model.Polygon <init>
INFO: Crossing point: 1.0 0.0
paź 30, 2017 12:18:25 PM PermutationAlgorithm findBestPermutation
INFO: For permutation: B A D F C E  Crossing detected. Not a polygon
paź 30, 2017 12:18:25 PM model.Polygon <init>
INFO: Crossing point: -0.0 -0.0
paź 30, 2017 12:18:25 PM PermutationAlgorithm findBestPermutation
INFO: For permutation: B A E D C F  Crossing detected. Not a polygon
paź 30, 2017 12:18:25 PM model.Polygon <init>
INFO: Crossing point: -0.0 -0.0
paź 30, 2017 12:18:25 PM PermutationAlgorithm findBestPermutation
INFO: For permutation: B A E D F C  Crossing detected. Not a polygon
paź 30, 2017 12:18:25 PM model.Polygon <init>
INFO: Crossing point: 1.5 0.5
paź 30, 2017 12:18:25 PM PermutationAlgorithm findBestPermutation
INFO: For permutation: B A E C D F  Crossing detected. Not a polygon
paź 30, 2017 12:18:25 PM model.Polygon <init>
INFO: Crossing point: 1.5 0.5
paź 30, 2017 12:18:25 PM PermutationAlgorithm findBestPermutation
INFO: For permutation: B A E C F D  Crossing detected. Not a polygon
paź 30, 2017 12:18:25 PM model.Polygon <init>
INFO: Crossing point: -0.0 -0.0
paź 30, 2017 12:18:25 PM PermutationAlgorithm findBestPermutation
INFO: For permutation: B A E F C D  Crossing detected. Not a polygon
paź 30, 2017 12:18:25 PM model.Polygon <init>
INFO: Crossing point: -0.0 -0.0
paź 30, 2017 12:18:25 PM PermutationAlgorithm findBestPermutation
INFO: For permutation: B A E F D C  Crossing detected. Not a polygon
paź 30, 2017 12:18:25 PM model.Polygon <init>
INFO: Crossing point: 1.0 0.0
paź 30, 2017 12:18:25 PM PermutationAlgorithm findBestPermutation
INFO: For permutation: B A F D E C  Crossing detected. Not a polygon
paź 30, 2017 12:18:25 PM model.Polygon <init>
INFO: Crossing point: 1.0 0.0
paź 30, 2017 12:18:25 PM PermutationAlgorithm findBestPermutation
INFO: For permutation: B A F D C E  Crossing detected. Not a polygon
paź 30, 2017 12:18:25 PM model.Polygon <init>
INFO: Crossing point: 1.0 0.0
paź 30, 2017 12:18:25 PM PermutationAlgorithm findBestPermutation
INFO: For permutation: B A F E D C  Crossing detected. Not a polygon
paź 30, 2017 12:18:25 PM model.Polygon <init>
INFO: Crossing point: 1.0 0.0
paź 30, 2017 12:18:25 PM PermutationAlgorithm findBestPermutation
INFO: For permutation: B A F E C D  Crossing detected. Not a polygon
paź 30, 2017 12:18:25 PM model.Polygon <init>
INFO: Crossing point: 1.0 0.0
paź 30, 2017 12:18:25 PM PermutationAlgorithm findBestPermutation
INFO: For permutation: B A F C E D  Crossing detected. Not a polygon
paź 30, 2017 12:18:25 PM model.Polygon <init>
INFO: Crossing point: 1.0 0.0
paź 30, 2017 12:18:25 PM PermutationAlgorithm findBestPermutation
INFO: For permutation: B A F C D E  Crossing detected. Not a polygon
paź 30, 2017 12:18:25 PM model.Polygon <init>
INFO: Crossing point: 2.0 -1.0
paź 30, 2017 12:18:25 PM PermutationAlgorithm findBestPermutation
INFO: For permutation: B C A D E F  Crossing detected. Not a polygon
paź 30, 2017 12:18:25 PM model.Polygon <init>
INFO: Crossing point: 2.0 -1.0
paź 30, 2017 12:18:25 PM PermutationAlgorithm findBestPermutation
INFO: For permutation: B C A D F E  Crossing detected. Not a polygon
paź 30, 2017 12:18:25 PM model.Polygon <init>
INFO: Crossing point: 1.5 -0.5
paź 30, 2017 12:18:25 PM PermutationAlgorithm findBestPermutation
INFO: For permutation: B C A E D F  Crossing detected. Not a polygon
paź 30, 2017 12:18:25 PM model.Polygon <init>
INFO: Crossing point: 1.5 -0.5
paź 30, 2017 12:18:25 PM PermutationAlgorithm findBestPermutation
INFO: For permutation: B C A E F D  Crossing detected. Not a polygon
paź 30, 2017 12:18:25 PM model.Polygon <init>
INFO: Crossing point: 2.0 -1.0
paź 30, 2017 12:18:25 PM PermutationAlgorithm findBestPermutation
INFO: For permutation: B C A F E D  Crossing detected. Not a polygon
paź 30, 2017 12:18:25 PM model.Polygon <init>
INFO: Crossing point: 2.0 -1.0
paź 30, 2017 12:18:25 PM PermutationAlgorithm findBestPermutation
INFO: For permutation: B C A F D E  Crossing detected. Not a polygon
paź 30, 2017 12:18:25 PM model.Polygon <init>
INFO: Crossing point: 2.0 -1.0
paź 30, 2017 12:18:25 PM PermutationAlgorithm findBestPermutation
INFO: For permutation: B C D A E F  Crossing detected. Not a polygon
paź 30, 2017 12:18:25 PM model.Polygon <init>
INFO: Crossing point: 2.0 -1.0
paź 30, 2017 12:18:25 PM PermutationAlgorithm findBestPermutation
INFO: For permutation: B C D A F E  Crossing detected. Not a polygon
paź 30, 2017 12:18:25 PM model.Polygon <init>
INFO: Crossing point: -0.0 -2.0
paź 30, 2017 12:18:25 PM PermutationAlgorithm findBestPermutation
INFO: For permutation: B C D E A F  Crossing detected. Not a polygon
paź 30, 2017 12:18:25 PM model.Polygon <init>
INFO: Crossing point: -0.0 -2.0
paź 30, 2017 12:18:25 PM PermutationAlgorithm findBestPermutation
INFO: For permutation: B C D E F A  Crossing detected. Not a polygon
paź 30, 2017 12:18:25 PM model.Polygon <init>
INFO: Crossing point: 1.0 -2.0
paź 30, 2017 12:18:25 PM PermutationAlgorithm findBestPermutation
INFO: For permutation: B C D F A E  Crossing detected. Not a polygon
paź 30, 2017 12:18:25 PM model.Polygon <init>
INFO: Crossing point: 1.0 -1.0
paź 30, 2017 12:18:25 PM PermutationAlgorithm findBestPermutation
INFO: For permutation: B C E D A F  Crossing detected. Not a polygon
paź 30, 2017 12:18:25 PM model.Polygon <init>
INFO: Crossing point: 1.5 -0.5
paź 30, 2017 12:18:25 PM PermutationAlgorithm findBestPermutation
INFO: For permutation: B C E A D F  Crossing detected. Not a polygon
paź 30, 2017 12:18:25 PM model.Polygon <init>
INFO: Crossing point: 1.5 -0.5
paź 30, 2017 12:18:25 PM PermutationAlgorithm findBestPermutation
INFO: For permutation: B C E A F D  Crossing detected. Not a polygon
paź 30, 2017 12:18:25 PM model.Polygon <init>
INFO: Crossing point: 1.0 -1.0
paź 30, 2017 12:18:25 PM PermutationAlgorithm findBestPermutation
INFO: For permutation: B C E F A D  Crossing detected. Not a polygon
paź 30, 2017 12:18:25 PM model.Polygon <init>
INFO: Crossing point: 1.0 -2.0
paź 30, 2017 12:18:25 PM PermutationAlgorithm findBestPermutation
INFO: For permutation: B C F D A E  Crossing detected. Not a polygon
paź 30, 2017 12:18:25 PM model.Polygon <init>
INFO: Crossing point: -0.0 -2.0
paź 30, 2017 12:18:25 PM PermutationAlgorithm findBestPermutation
INFO: For permutation: B C F E D A  Crossing detected. Not a polygon
paź 30, 2017 12:18:25 PM model.Polygon <init>
INFO: Crossing point: -0.0 -2.0
paź 30, 2017 12:18:25 PM PermutationAlgorithm findBestPermutation
INFO: For permutation: B C F E A D  Crossing detected. Not a polygon
paź 30, 2017 12:18:25 PM model.Polygon <init>
INFO: Crossing point: 2.0 -1.0
paź 30, 2017 12:18:25 PM PermutationAlgorithm findBestPermutation
INFO: For permutation: B C F A E D  Crossing detected. Not a polygon
paź 30, 2017 12:18:25 PM model.Polygon <init>
INFO: Crossing point: 2.0 -1.0
paź 30, 2017 12:18:25 PM PermutationAlgorithm findBestPermutation
INFO: For permutation: B C F A D E  Crossing detected. Not a polygon
paź 30, 2017 12:18:25 PM model.Polygon <init>
INFO: Crossing point: 0.5 -1.5
paź 30, 2017 12:18:25 PM PermutationAlgorithm findBestPermutation
INFO: For permutation: B D C A E F  Crossing detected. Not a polygon
paź 30, 2017 12:18:25 PM model.Polygon <init>
INFO: Crossing point: 1.0 -2.0
paź 30, 2017 12:18:25 PM PermutationAlgorithm findBestPermutation
INFO: For permutation: B D C A F E  Crossing detected. Not a polygon
paź 30, 2017 12:18:25 PM model.Polygon <init>
INFO: Crossing point: 0.5 -1.5
paź 30, 2017 12:18:25 PM PermutationAlgorithm findBestPermutation
INFO: For permutation: B D C E A F  Crossing detected. Not a polygon
paź 30, 2017 12:18:25 PM model.Polygon <init>
INFO: Crossing point: -0.0 -2.0
paź 30, 2017 12:18:25 PM PermutationAlgorithm findBestPermutation
INFO: For permutation: B D C E F A  Crossing detected. Not a polygon
paź 30, 2017 12:18:25 PM model.Polygon <init>
INFO: Crossing point: 1.0 -2.0
paź 30, 2017 12:18:25 PM PermutationAlgorithm findBestPermutation
INFO: For permutation: B D C F A E  Crossing detected. Not a polygon
paź 30, 2017 12:18:25 PM model.Polygon <init>
INFO: Crossing point: 1.0 0.0
paź 30, 2017 12:18:25 PM PermutationAlgorithm findBestPermutation
INFO: For permutation: B D A C E F  Crossing detected. Not a polygon
paź 30, 2017 12:18:25 PM model.Polygon <init>
INFO: Crossing point: 1.0 0.0
paź 30, 2017 12:18:25 PM PermutationAlgorithm findBestPermutation
INFO: For permutation: B D A C F E  Crossing detected. Not a polygon
paź 30, 2017 12:18:25 PM model.Polygon <init>
INFO: Crossing point: 1.0 0.0
paź 30, 2017 12:18:25 PM PermutationAlgorithm findBestPermutation
INFO: For permutation: B D A E C F  Crossing detected. Not a polygon
paź 30, 2017 12:18:25 PM model.Polygon <init>
INFO: Crossing point: 1.0 0.0
paź 30, 2017 12:18:25 PM PermutationAlgorithm findBestPermutation
INFO: For permutation: B D A E F C  Crossing detected. Not a polygon
paź 30, 2017 12:18:25 PM model.Polygon <init>
INFO: Crossing point: 1.0 0.0
paź 30, 2017 12:18:25 PM PermutationAlgorithm findBestPermutation
INFO: For permutation: B D A F E C  Crossing detected. Not a polygon
paź 30, 2017 12:18:25 PM model.Polygon <init>
INFO: Crossing point: 1.0 0.0
paź 30, 2017 12:18:25 PM PermutationAlgorithm findBestPermutation
INFO: For permutation: B D A F C E  Crossing detected. Not a polygon
paź 30, 2017 12:18:25 PM model.Polygon <init>
INFO: Crossing point: -0.0 -0.0
paź 30, 2017 12:18:25 PM PermutationAlgorithm findBestPermutation
INFO: For permutation: B D E A C F  Crossing detected. Not a polygon
paź 30, 2017 12:18:25 PM model.Polygon <init>
INFO: Crossing point: -0.0 -0.0
paź 30, 2017 12:18:25 PM PermutationAlgorithm findBestPermutation
INFO: For permutation: B D E A F C  Crossing detected. Not a polygon
paź 30, 2017 12:18:25 PM model.Polygon <init>
INFO: Crossing point: -0.0 -2.0
paź 30, 2017 12:18:25 PM PermutationAlgorithm findBestPermutation
INFO: For permutation: B D E C A F  Crossing detected. Not a polygon
paź 30, 2017 12:18:25 PM model.Polygon <init>
INFO: Crossing point: -0.0 -2.0
paź 30, 2017 12:18:25 PM PermutationAlgorithm findBestPermutation
INFO: For permutation: B D E C F A  Crossing detected. Not a polygon
paź 30, 2017 12:18:25 PM model.Polygon <init>
INFO: Crossing point: -1.0 -1.0
paź 30, 2017 12:18:25 PM PermutationAlgorithm findBestPermutation
INFO: For permutation: B D E F A C  Crossing detected. Not a polygon
paź 30, 2017 12:18:25 PM model.Polygon <init>
INFO: Crossing point: 0.0 -1.0
paź 30, 2017 12:18:25 PM PermutationAlgorithm findBestPermutation
INFO: For permutation: B D F A E C  Crossing detected. Not a polygon
paź 30, 2017 12:18:25 PM model.Polygon <init>
INFO: Crossing point: 0.0 -1.0
paź 30, 2017 12:18:25 PM PermutationAlgorithm findBestPermutation
INFO: For permutation: B D F A C E  Crossing detected. Not a polygon
paź 30, 2017 12:18:25 PM model.Polygon <init>
INFO: Crossing point: -0.5 -1.5
paź 30, 2017 12:18:25 PM PermutationAlgorithm findBestPermutation
INFO: For permutation: B D F E A C  Crossing detected. Not a polygon
paź 30, 2017 12:18:25 PM model.Polygon <init>
INFO: Crossing point: -0.5 -2.5
paź 30, 2017 12:18:25 PM PermutationAlgorithm findBestPermutation
INFO: For permutation: B D F C E A  Crossing detected. Not a polygon
paź 30, 2017 12:18:25 PM model.Polygon <init>
INFO: Crossing point: 0.0 0.0
paź 30, 2017 12:18:25 PM PermutationAlgorithm findBestPermutation
INFO: For permutation: B E C D A F  Crossing detected. Not a polygon
paź 30, 2017 12:18:25 PM model.Polygon <init>
INFO: Crossing point: 0.0 0.0
paź 30, 2017 12:18:25 PM PermutationAlgorithm findBestPermutation
INFO: For permutation: B E C D F A  Crossing detected. Not a polygon
paź 30, 2017 12:18:25 PM model.Polygon <init>
INFO: Crossing point: 0.0 0.0
paź 30, 2017 12:18:25 PM PermutationAlgorithm findBestPermutation
INFO: For permutation: B E C A D F  Crossing detected. Not a polygon
paź 30, 2017 12:18:25 PM model.Polygon <init>
INFO: Crossing point: 0.0 0.0
paź 30, 2017 12:18:25 PM PermutationAlgorithm findBestPermutation
INFO: For permutation: B E C A F D  Crossing detected. Not a polygon
paź 30, 2017 12:18:25 PM model.Polygon <init>
INFO: Crossing point: 0.0 0.0
paź 30, 2017 12:18:25 PM PermutationAlgorithm findBestPermutation
INFO: For permutation: B E C F A D  Crossing detected. Not a polygon
paź 30, 2017 12:18:25 PM model.Polygon <init>
INFO: Crossing point: 0.0 0.0
paź 30, 2017 12:18:25 PM PermutationAlgorithm findBestPermutation
INFO: For permutation: B E C F D A  Crossing detected. Not a polygon
paź 30, 2017 12:18:25 PM model.Polygon <init>
INFO: Crossing point: -0.0 -0.0
paź 30, 2017 12:18:25 PM PermutationAlgorithm findBestPermutation
INFO: For permutation: B E D C A F  Crossing detected. Not a polygon
paź 30, 2017 12:18:25 PM model.Polygon <init>
INFO: Crossing point: -0.0 -0.0
paź 30, 2017 12:18:25 PM PermutationAlgorithm findBestPermutation
INFO: For permutation: B E D C F A  Crossing detected. Not a polygon
paź 30, 2017 12:18:25 PM model.Polygon <init>
INFO: Crossing point: -0.0 -0.0
paź 30, 2017 12:18:25 PM PermutationAlgorithm findBestPermutation
INFO: For permutation: B E D A C F  Crossing detected. Not a polygon
paź 30, 2017 12:18:25 PM model.Polygon <init>
INFO: Crossing point: -0.0 -0.0
paź 30, 2017 12:18:25 PM PermutationAlgorithm findBestPermutation
INFO: For permutation: B E D A F C  Crossing detected. Not a polygon
paź 30, 2017 12:18:25 PM model.Polygon <init>
INFO: Crossing point: -0.0 -0.0
paź 30, 2017 12:18:25 PM PermutationAlgorithm findBestPermutation
INFO: For permutation: B E D F A C  Crossing detected. Not a polygon
paź 30, 2017 12:18:25 PM model.Polygon <init>
INFO: Crossing point: -0.0 -0.0
paź 30, 2017 12:18:25 PM PermutationAlgorithm findBestPermutation
INFO: For permutation: B E D F C A  Crossing detected. Not a polygon
paź 30, 2017 12:18:25 PM model.Polygon <init>
INFO: Crossing point: -0.0 -0.0
paź 30, 2017 12:18:25 PM PermutationAlgorithm findBestPermutation
INFO: For permutation: B E A D C F  Crossing detected. Not a polygon
paź 30, 2017 12:18:25 PM model.Polygon <init>
INFO: Crossing point: -0.0 -0.0
paź 30, 2017 12:18:25 PM PermutationAlgorithm findBestPermutation
INFO: For permutation: B E A D F C  Crossing detected. Not a polygon
paź 30, 2017 12:18:25 PM model.Polygon <init>
INFO: Crossing point: -0.0 -0.0
paź 30, 2017 12:18:25 PM PermutationAlgorithm findBestPermutation
INFO: For permutation: B E A C D F  Crossing detected. Not a polygon
paź 30, 2017 12:18:25 PM model.Polygon <init>
INFO: Crossing point: -0.0 -0.0
paź 30, 2017 12:18:25 PM PermutationAlgorithm findBestPermutation
INFO: For permutation: B E A C F D  Crossing detected. Not a polygon
paź 30, 2017 12:18:25 PM model.Polygon <init>
INFO: Crossing point: -0.0 -0.0
paź 30, 2017 12:18:25 PM PermutationAlgorithm findBestPermutation
INFO: For permutation: B E A F C D  Crossing detected. Not a polygon
paź 30, 2017 12:18:25 PM model.Polygon <init>
INFO: Crossing point: -0.0 -0.0
paź 30, 2017 12:18:25 PM PermutationAlgorithm findBestPermutation
INFO: For permutation: B E A F D C  Crossing detected. Not a polygon
paź 30, 2017 12:18:25 PM model.Polygon <init>
INFO: Crossing point: -0.0 -0.0
paź 30, 2017 12:18:25 PM PermutationAlgorithm findBestPermutation
INFO: For permutation: B E F D A C  Crossing detected. Not a polygon
paź 30, 2017 12:18:25 PM model.Polygon <init>
INFO: Crossing point: -0.0 -0.0
paź 30, 2017 12:18:25 PM PermutationAlgorithm findBestPermutation
INFO: For permutation: B E F D C A  Crossing detected. Not a polygon
paź 30, 2017 12:18:25 PM model.Polygon <init>
INFO: Crossing point: -0.0 -0.0
paź 30, 2017 12:18:25 PM PermutationAlgorithm findBestPermutation
INFO: For permutation: B E F A D C  Crossing detected. Not a polygon
paź 30, 2017 12:18:25 PM model.Polygon <init>
INFO: Crossing point: -0.0 -0.0
paź 30, 2017 12:18:25 PM PermutationAlgorithm findBestPermutation
INFO: For permutation: B E F A C D  Crossing detected. Not a polygon
paź 30, 2017 12:18:25 PM model.Polygon <init>
INFO: Crossing point: -0.0 -0.0
paź 30, 2017 12:18:25 PM PermutationAlgorithm findBestPermutation
INFO: For permutation: B E F C A D  Crossing detected. Not a polygon
paź 30, 2017 12:18:25 PM model.Polygon <init>
INFO: Crossing point: -0.0 -0.0
paź 30, 2017 12:18:25 PM PermutationAlgorithm findBestPermutation
INFO: For permutation: B E F C D A  Crossing detected. Not a polygon
paź 30, 2017 12:18:25 PM model.Polygon <init>
INFO: Crossing point: 1.0 -2.0
paź 30, 2017 12:18:25 PM PermutationAlgorithm findBestPermutation
INFO: For permutation: B F C D A E  Crossing detected. Not a polygon
paź 30, 2017 12:18:25 PM model.Polygon <init>
INFO: Crossing point: -0.0 -2.0
paź 30, 2017 12:18:25 PM PermutationAlgorithm findBestPermutation
INFO: For permutation: B F C E D A  Crossing detected. Not a polygon
paź 30, 2017 12:18:25 PM model.Polygon <init>
INFO: Crossing point: 0.5 -1.5
paź 30, 2017 12:18:25 PM PermutationAlgorithm findBestPermutation
INFO: For permutation: B F C E A D  Crossing detected. Not a polygon
paź 30, 2017 12:18:25 PM model.Polygon <init>
INFO: Crossing point: 0.5 -1.5
paź 30, 2017 12:18:25 PM PermutationAlgorithm findBestPermutation
INFO: For permutation: B F C A E D  Crossing detected. Not a polygon
paź 30, 2017 12:18:25 PM model.Polygon <init>
INFO: Crossing point: 1.0 -2.0
paź 30, 2017 12:18:25 PM PermutationAlgorithm findBestPermutation
INFO: For permutation: B F C A D E  Crossing detected. Not a polygon
paź 30, 2017 12:18:25 PM model.Polygon <init>
INFO: Crossing point: -0.5 -2.5
paź 30, 2017 12:18:25 PM PermutationAlgorithm findBestPermutation
INFO: For permutation: B F D C E A  Crossing detected. Not a polygon
paź 30, 2017 12:18:25 PM model.Polygon <init>
INFO: Crossing point: -0.5 -1.5
paź 30, 2017 12:18:25 PM PermutationAlgorithm findBestPermutation
INFO: For permutation: B F D E A C  Crossing detected. Not a polygon
paź 30, 2017 12:18:25 PM model.Polygon <init>
INFO: Crossing point: 0.0 -1.0
paź 30, 2017 12:18:25 PM PermutationAlgorithm findBestPermutation
INFO: For permutation: B F D A E C  Crossing detected. Not a polygon
paź 30, 2017 12:18:25 PM model.Polygon <init>
INFO: Crossing point: 0.0 -1.0
paź 30, 2017 12:18:25 PM PermutationAlgorithm findBestPermutation
INFO: For permutation: B F D A C E  Crossing detected. Not a polygon
paź 30, 2017 12:18:25 PM model.Polygon <init>
INFO: Crossing point: -1.0 -1.0
paź 30, 2017 12:18:25 PM PermutationAlgorithm findBestPermutation
INFO: For permutation: B F E D A C  Crossing detected. Not a polygon
paź 30, 2017 12:18:25 PM model.Polygon <init>
INFO: Crossing point: -0.0 -2.0
paź 30, 2017 12:18:25 PM PermutationAlgorithm findBestPermutation
INFO: For permutation: B F E C D A  Crossing detected. Not a polygon
paź 30, 2017 12:18:25 PM model.Polygon <init>
INFO: Crossing point: -0.0 -2.0
paź 30, 2017 12:18:25 PM PermutationAlgorithm findBestPermutation
INFO: For permutation: B F E C A D  Crossing detected. Not a polygon
paź 30, 2017 12:18:25 PM model.Polygon <init>
INFO: Crossing point: -0.0 -0.0
paź 30, 2017 12:18:25 PM PermutationAlgorithm findBestPermutation
INFO: For permutation: B F E A C D  Crossing detected. Not a polygon
paź 30, 2017 12:18:25 PM model.Polygon <init>
INFO: Crossing point: -0.0 -0.0
paź 30, 2017 12:18:25 PM PermutationAlgorithm findBestPermutation
INFO: For permutation: B F E A D C  Crossing detected. Not a polygon
paź 30, 2017 12:18:25 PM model.Polygon <init>
INFO: Crossing point: 1.0 0.0
paź 30, 2017 12:18:25 PM PermutationAlgorithm findBestPermutation
INFO: For permutation: B F A D E C  Crossing detected. Not a polygon
paź 30, 2017 12:18:25 PM model.Polygon <init>
INFO: Crossing point: 1.0 0.0
paź 30, 2017 12:18:25 PM PermutationAlgorithm findBestPermutation
INFO: For permutation: B F A D C E  Crossing detected. Not a polygon
paź 30, 2017 12:18:25 PM model.Polygon <init>
INFO: Crossing point: 1.0 0.0
paź 30, 2017 12:18:25 PM PermutationAlgorithm findBestPermutation
INFO: For permutation: B F A E D C  Crossing detected. Not a polygon
paź 30, 2017 12:18:25 PM model.Polygon <init>
INFO: Crossing point: 1.0 0.0
paź 30, 2017 12:18:25 PM PermutationAlgorithm findBestPermutation
INFO: For permutation: B F A E C D  Crossing detected. Not a polygon
paź 30, 2017 12:18:25 PM model.Polygon <init>
INFO: Crossing point: 1.0 0.0
paź 30, 2017 12:18:25 PM PermutationAlgorithm findBestPermutation
INFO: For permutation: B F A C E D  Crossing detected. Not a polygon
paź 30, 2017 12:18:25 PM model.Polygon <init>
INFO: Crossing point: 1.0 0.0
paź 30, 2017 12:18:25 PM PermutationAlgorithm findBestPermutation
INFO: For permutation: B F A C D E  Crossing detected. Not a polygon
paź 30, 2017 12:18:25 PM model.Polygon <init>
INFO: Crossing point: 2.0 -1.0
paź 30, 2017 12:18:25 PM PermutationAlgorithm findBestPermutation
INFO: For permutation: C B A D E F  Crossing detected. Not a polygon
paź 30, 2017 12:18:25 PM model.Polygon <init>
INFO: Crossing point: 2.0 -1.0
paź 30, 2017 12:18:25 PM PermutationAlgorithm findBestPermutation
INFO: For permutation: C B A D F E  Crossing detected. Not a polygon
paź 30, 2017 12:18:25 PM model.Polygon <init>
INFO: Crossing point: 1.0 -1.0
paź 30, 2017 12:18:25 PM PermutationAlgorithm findBestPermutation
INFO: For permutation: C B A E D F  Crossing detected. Not a polygon
paź 30, 2017 12:18:25 PM model.Polygon <init>
INFO: Crossing point: 1.0 -1.0
paź 30, 2017 12:18:25 PM PermutationAlgorithm findBestPermutation
INFO: For permutation: C B A E F D  Crossing detected. Not a polygon
paź 30, 2017 12:18:25 PM model.Polygon <init>
INFO: Crossing point: 2.0 -1.0
paź 30, 2017 12:18:25 PM PermutationAlgorithm findBestPermutation
INFO: For permutation: C B A F E D  Crossing detected. Not a polygon
paź 30, 2017 12:18:25 PM model.Polygon <init>
INFO: Crossing point: 2.0 -1.0
paź 30, 2017 12:18:25 PM PermutationAlgorithm findBestPermutation
INFO: For permutation: C B A F D E  Crossing detected. Not a polygon
paź 30, 2017 12:18:25 PM model.Polygon <init>
INFO: Crossing point: 1.0 -2.0
paź 30, 2017 12:18:25 PM PermutationAlgorithm findBestPermutation
INFO: For permutation: C B D A E F  Crossing detected. Not a polygon
paź 30, 2017 12:18:25 PM model.Polygon <init>
INFO: Crossing point: -0.0 -2.0
paź 30, 2017 12:18:25 PM PermutationAlgorithm findBestPermutation
INFO: For permutation: C B D E A F  Crossing detected. Not a polygon
paź 30, 2017 12:18:25 PM model.Polygon <init>
INFO: Crossing point: 0.0 -3.0
paź 30, 2017 12:18:25 PM PermutationAlgorithm findBestPermutation
INFO: For permutation: C B D F A E  Crossing detected. Not a polygon
paź 30, 2017 12:18:25 PM model.Polygon <init>
INFO: Crossing point: 1.0 -1.0
paź 30, 2017 12:18:25 PM PermutationAlgorithm findBestPermutation
INFO: For permutation: C B E A D F  Crossing detected. Not a polygon
paź 30, 2017 12:18:25 PM model.Polygon <init>
INFO: Crossing point: 1.0 -1.0
paź 30, 2017 12:18:26 PM PermutationAlgorithm findBestPermutation
INFO: For permutation: C B E A F D  Crossing detected. Not a polygon
paź 30, 2017 12:18:26 PM model.Polygon <init>
INFO: Crossing point: 0.0 -3.0
paź 30, 2017 12:18:26 PM PermutationAlgorithm findBestPermutation
INFO: For permutation: C B F D A E  Crossing detected. Not a polygon
paź 30, 2017 12:18:26 PM model.Polygon <init>
INFO: Crossing point: -0.0 -2.0
paź 30, 2017 12:18:26 PM PermutationAlgorithm findBestPermutation
INFO: For permutation: C B F E A D  Crossing detected. Not a polygon
paź 30, 2017 12:18:26 PM model.Polygon <init>
INFO: Crossing point: 1.0 -2.0
paź 30, 2017 12:18:26 PM PermutationAlgorithm findBestPermutation
INFO: For permutation: C B F A E D  Crossing detected. Not a polygon
paź 30, 2017 12:18:26 PM model.Polygon <init>
INFO: Crossing point: 1.0 -1.0
paź 30, 2017 12:18:26 PM PermutationAlgorithm findBestPermutation
INFO: For permutation: C A B D E F  Crossing detected. Not a polygon
paź 30, 2017 12:18:26 PM model.Polygon <init>
INFO: Crossing point: 1.0 -1.0
paź 30, 2017 12:18:26 PM PermutationAlgorithm findBestPermutation
INFO: For permutation: C A B D F E  Crossing detected. Not a polygon
paź 30, 2017 12:18:26 PM model.Polygon <init>
INFO: Crossing point: 1.0 -1.0
paź 30, 2017 12:18:26 PM PermutationAlgorithm findBestPermutation
INFO: For permutation: C A B E D F  Crossing detected. Not a polygon
paź 30, 2017 12:18:26 PM model.Polygon <init>
INFO: Crossing point: 1.0 -1.0
paź 30, 2017 12:18:26 PM PermutationAlgorithm findBestPermutation
INFO: For permutation: C A B E F D  Crossing detected. Not a polygon
paź 30, 2017 12:18:26 PM model.Polygon <init>
INFO: Crossing point: 1.0 -1.0
paź 30, 2017 12:18:26 PM PermutationAlgorithm findBestPermutation
INFO: For permutation: C A B F E D  Crossing detected. Not a polygon
paź 30, 2017 12:18:26 PM model.Polygon <init>
INFO: Crossing point: 1.0 -1.0
paź 30, 2017 12:18:26 PM PermutationAlgorithm findBestPermutation
INFO: For permutation: C A B F D E  Crossing detected. Not a polygon
paź 30, 2017 12:18:26 PM model.Polygon <init>
INFO: Crossing point: 1.0 -1.0
paź 30, 2017 12:18:26 PM PermutationAlgorithm findBestPermutation
INFO: For permutation: C A D B E F  Crossing detected. Not a polygon
paź 30, 2017 12:18:26 PM model.Polygon <init>
INFO: Crossing point: 1.0 -1.0
paź 30, 2017 12:18:26 PM PermutationAlgorithm findBestPermutation
INFO: For permutation: C A D B F E  Crossing detected. Not a polygon
paź 30, 2017 12:18:26 PM model.Polygon <init>
INFO: Crossing point: 1.0 -1.0
paź 30, 2017 12:18:26 PM PermutationAlgorithm findBestPermutation
INFO: For permutation: C A D E B F  Crossing detected. Not a polygon
paź 30, 2017 12:18:26 PM model.Polygon <init>
INFO: Crossing point: 1.0 -1.0
paź 30, 2017 12:18:26 PM PermutationAlgorithm findBestPermutation
INFO: For permutation: C A D E F B  Crossing detected. Not a polygon
paź 30, 2017 12:18:26 PM model.Polygon <init>
INFO: Crossing point: 1.0 -1.0
paź 30, 2017 12:18:26 PM PermutationAlgorithm findBestPermutation
INFO: For permutation: C A D F E B  Crossing detected. Not a polygon
paź 30, 2017 12:18:26 PM model.Polygon <init>
INFO: Crossing point: 1.0 -1.0
paź 30, 2017 12:18:26 PM PermutationAlgorithm findBestPermutation
INFO: For permutation: C A D F B E  Crossing detected. Not a polygon
paź 30, 2017 12:18:26 PM model.Polygon <init>
INFO: Crossing point: 1.0 -1.0
paź 30, 2017 12:18:26 PM PermutationAlgorithm findBestPermutation
INFO: For permutation: C A E D B F  Crossing detected. Not a polygon
paź 30, 2017 12:18:26 PM model.Polygon <init>
INFO: Crossing point: 1.0 -1.0
paź 30, 2017 12:18:26 PM PermutationAlgorithm findBestPermutation
INFO: For permutation: C A E D F B  Crossing detected. Not a polygon
paź 30, 2017 12:18:26 PM model.Polygon <init>
INFO: Crossing point: 1.0 -1.0
paź 30, 2017 12:18:26 PM PermutationAlgorithm findBestPermutation
INFO: For permutation: C A E B D F  Crossing detected. Not a polygon
paź 30, 2017 12:18:26 PM model.Polygon <init>
INFO: Crossing point: 1.0 -1.0
paź 30, 2017 12:18:26 PM PermutationAlgorithm findBestPermutation
INFO: For permutation: C A E B F D  Crossing detected. Not a polygon
paź 30, 2017 12:18:26 PM model.Polygon <init>
INFO: Crossing point: 1.0 -1.0
paź 30, 2017 12:18:26 PM PermutationAlgorithm findBestPermutation
INFO: For permutation: C A E F B D  Crossing detected. Not a polygon
paź 30, 2017 12:18:26 PM model.Polygon <init>
INFO: Crossing point: 1.0 -1.0
paź 30, 2017 12:18:26 PM PermutationAlgorithm findBestPermutation
INFO: For permutation: C A E F D B  Crossing detected. Not a polygon
paź 30, 2017 12:18:26 PM model.Polygon <init>
INFO: Crossing point: 1.0 -1.0
paź 30, 2017 12:18:26 PM PermutationAlgorithm findBestPermutation
INFO: For permutation: C A F D E B  Crossing detected. Not a polygon
paź 30, 2017 12:18:26 PM model.Polygon <init>
INFO: Crossing point: 1.0 -1.0
paź 30, 2017 12:18:26 PM PermutationAlgorithm findBestPermutation
INFO: For permutation: C A F D B E  Crossing detected. Not a polygon
paź 30, 2017 12:18:26 PM model.Polygon <init>
INFO: Crossing point: 1.0 -1.0
paź 30, 2017 12:18:26 PM PermutationAlgorithm findBestPermutation
INFO: For permutation: C A F E D B  Crossing detected. Not a polygon
paź 30, 2017 12:18:26 PM model.Polygon <init>
INFO: Crossing point: 1.0 -1.0
paź 30, 2017 12:18:26 PM PermutationAlgorithm findBestPermutation
INFO: For permutation: C A F E B D  Crossing detected. Not a polygon
paź 30, 2017 12:18:26 PM model.Polygon <init>
INFO: Crossing point: 1.0 -1.0
paź 30, 2017 12:18:26 PM PermutationAlgorithm findBestPermutation
INFO: For permutation: C A F B E D  Crossing detected. Not a polygon
paź 30, 2017 12:18:26 PM model.Polygon <init>
INFO: Crossing point: 1.0 -1.0
paź 30, 2017 12:18:26 PM PermutationAlgorithm findBestPermutation
INFO: For permutation: C A F B D E  Crossing detected. Not a polygon
paź 30, 2017 12:18:26 PM model.Polygon <init>
INFO: Crossing point: 0.0 -2.0
paź 30, 2017 12:18:26 PM PermutationAlgorithm findBestPermutation
INFO: For permutation: C D A B E F  Crossing detected. Not a polygon
paź 30, 2017 12:18:26 PM model.Polygon <init>
INFO: Crossing point: 0.0 -2.0
paź 30, 2017 12:18:26 PM PermutationAlgorithm findBestPermutation
INFO: For permutation: C D A B F E  Crossing detected. Not a polygon
paź 30, 2017 12:18:26 PM model.Polygon <init>
INFO: Crossing point: 0.0 -2.0
paź 30, 2017 12:18:26 PM PermutationAlgorithm findBestPermutation
INFO: For permutation: C D A E B F  Crossing detected. Not a polygon
paź 30, 2017 12:18:26 PM model.Polygon <init>
INFO: Crossing point: 0.0 -2.0
paź 30, 2017 12:18:26 PM PermutationAlgorithm findBestPermutation
INFO: For permutation: C D A E F B  Crossing detected. Not a polygon
paź 30, 2017 12:18:26 PM model.Polygon <init>
INFO: Crossing point: 0.0 -2.0
paź 30, 2017 12:18:26 PM PermutationAlgorithm findBestPermutation
INFO: For permutation: C D B A E F  Crossing detected. Not a polygon
paź 30, 2017 12:18:26 PM model.Polygon <init>
INFO: Crossing point: 1.0 -2.0
paź 30, 2017 12:18:26 PM PermutationAlgorithm findBestPermutation
INFO: For permutation: C D B A F E  Crossing detected. Not a polygon
paź 30, 2017 12:18:26 PM model.Polygon <init>
INFO: Crossing point: -0.0 -2.0
paź 30, 2017 12:18:26 PM PermutationAlgorithm findBestPermutation
INFO: For permutation: C D B E A F  Crossing detected. Not a polygon
paź 30, 2017 12:18:26 PM model.Polygon <init>
INFO: Crossing point: 0.0 -3.0
paź 30, 2017 12:18:26 PM PermutationAlgorithm findBestPermutation
INFO: For permutation: C D B F A E  Crossing detected. Not a polygon
paź 30, 2017 12:18:26 PM model.Polygon <init>
INFO: Crossing point: -0.0 -2.0
paź 30, 2017 12:18:26 PM PermutationAlgorithm findBestPermutation
INFO: For permutation: C D E B A F  Crossing detected. Not a polygon
paź 30, 2017 12:18:26 PM model.Polygon <init>
INFO: Crossing point: 0.0 -2.0
paź 30, 2017 12:18:26 PM PermutationAlgorithm findBestPermutation
INFO: For permutation: C D E A B F  Crossing detected. Not a polygon
paź 30, 2017 12:18:26 PM model.Polygon <init>
INFO: Crossing point: -1.0 -2.0
paź 30, 2017 12:18:26 PM PermutationAlgorithm findBestPermutation
INFO: For permutation: C D E A F B  Crossing detected. Not a polygon
paź 30, 2017 12:18:26 PM model.Polygon <init>
INFO: Crossing point: -2.0 -3.0
paź 30, 2017 12:18:26 PM PermutationAlgorithm findBestPermutation
INFO: For permutation: C D E F A B  Crossing detected. Not a polygon
paź 30, 2017 12:18:26 PM model.Polygon <init>
INFO: Crossing point: -1.0 -3.0
paź 30, 2017 12:18:26 PM PermutationAlgorithm findBestPermutation
INFO: For permutation: C D F B E A  Crossing detected. Not a polygon
paź 30, 2017 12:18:26 PM model.Polygon <init>
INFO: Crossing point: -1.0 -3.0
paź 30, 2017 12:18:26 PM PermutationAlgorithm findBestPermutation
INFO: For permutation: C D F B A E  Crossing detected. Not a polygon
paź 30, 2017 12:18:26 PM model.Polygon <init>
INFO: Crossing point: -1.0 -3.0
paź 30, 2017 12:18:26 PM PermutationAlgorithm findBestPermutation
INFO: For permutation: C D F E B A  Crossing detected. Not a polygon
paź 30, 2017 12:18:26 PM model.Polygon <init>
INFO: Crossing point: -1.0 -3.0
paź 30, 2017 12:18:26 PM PermutationAlgorithm findBestPermutation
INFO: For permutation: C D F E A B  Crossing detected. Not a polygon
paź 30, 2017 12:18:26 PM model.Polygon <init>
INFO: Crossing point: -1.0 -3.0
paź 30, 2017 12:18:26 PM PermutationAlgorithm findBestPermutation
INFO: For permutation: C D F A E B  Crossing detected. Not a polygon
paź 30, 2017 12:18:26 PM model.Polygon <init>
INFO: Crossing point: -1.0 -3.0
paź 30, 2017 12:18:26 PM PermutationAlgorithm findBestPermutation
INFO: For permutation: C D F A B E  Crossing detected. Not a polygon
paź 30, 2017 12:18:26 PM model.Polygon <init>
INFO: Crossing point: -0.0 -1.0
paź 30, 2017 12:18:26 PM PermutationAlgorithm findBestPermutation
INFO: For permutation: C E A D B F  Crossing detected. Not a polygon
paź 30, 2017 12:18:26 PM model.Polygon <init>
INFO: Crossing point: -0.0 -1.0
paź 30, 2017 12:18:26 PM PermutationAlgorithm findBestPermutation
INFO: For permutation: C E A D F B  Crossing detected. Not a polygon
paź 30, 2017 12:18:26 PM model.Polygon <init>
INFO: Crossing point: 1.0 -1.0
paź 30, 2017 12:18:26 PM PermutationAlgorithm findBestPermutation
INFO: For permutation: C E A B D F  Crossing detected. Not a polygon
paź 30, 2017 12:18:26 PM model.Polygon <init>
INFO: Crossing point: 1.0 -1.0
paź 30, 2017 12:18:26 PM PermutationAlgorithm findBestPermutation
INFO: For permutation: C E A B F D  Crossing detected. Not a polygon
paź 30, 2017 12:18:26 PM model.Polygon <init>
INFO: Crossing point: -0.0 -1.0
paź 30, 2017 12:18:26 PM PermutationAlgorithm findBestPermutation
INFO: For permutation: C E A F B D  Crossing detected. Not a polygon
paź 30, 2017 12:18:26 PM model.Polygon <init>
INFO: Crossing point: -0.0 -1.0
paź 30, 2017 12:18:26 PM PermutationAlgorithm findBestPermutation
INFO: For permutation: C E A F D B  Crossing detected. Not a polygon
paź 30, 2017 12:18:26 PM model.Polygon <init>
INFO: Crossing point: -1.0 -2.0
paź 30, 2017 12:18:26 PM PermutationAlgorithm findBestPermutation
INFO: For permutation: C E D A B F  Crossing detected. Not a polygon
paź 30, 2017 12:18:26 PM model.Polygon <init>
INFO: Crossing point: -0.0 -2.0
paź 30, 2017 12:18:26 PM PermutationAlgorithm findBestPermutation
INFO: For permutation: C E D B A F  Crossing detected. Not a polygon
paź 30, 2017 12:18:26 PM model.Polygon <init>
INFO: Crossing point: -2.0 -3.0
paź 30, 2017 12:18:26 PM PermutationAlgorithm findBestPermutation
INFO: For permutation: C E D F A B  Crossing detected. Not a polygon
paź 30, 2017 12:18:26 PM model.Polygon <init>
INFO: Crossing point: 1.0 -1.0
paź 30, 2017 12:18:26 PM PermutationAlgorithm findBestPermutation
INFO: For permutation: C E B A D F  Crossing detected. Not a polygon
paź 30, 2017 12:18:26 PM model.Polygon <init>
INFO: Crossing point: 1.0 -1.0
paź 30, 2017 12:18:26 PM PermutationAlgorithm findBestPermutation
INFO: For permutation: C E B A F D  Crossing detected. Not a polygon
paź 30, 2017 12:18:26 PM model.Polygon <init>
INFO: Crossing point: -2.0 -3.0
paź 30, 2017 12:18:26 PM PermutationAlgorithm findBestPermutation
INFO: For permutation: C E F D A B  Crossing detected. Not a polygon
paź 30, 2017 12:18:26 PM model.Polygon <init>
INFO: Crossing point: -0.0 -2.0
paź 30, 2017 12:18:26 PM PermutationAlgorithm findBestPermutation
INFO: For permutation: C E F B A D  Crossing detected. Not a polygon
paź 30, 2017 12:18:26 PM model.Polygon <init>
INFO: Crossing point: -1.0 -2.0
paź 30, 2017 12:18:26 PM PermutationAlgorithm findBestPermutation
INFO: For permutation: C E F A B D  Crossing detected. Not a polygon
paź 30, 2017 12:18:26 PM model.Polygon <init>
INFO: Crossing point: 0.0 -2.0
paź 30, 2017 12:18:26 PM PermutationAlgorithm findBestPermutation
INFO: For permutation: C F A E D B  Crossing detected. Not a polygon
paź 30, 2017 12:18:26 PM model.Polygon <init>
INFO: Crossing point: 0.0 -2.0
paź 30, 2017 12:18:26 PM PermutationAlgorithm findBestPermutation
INFO: For permutation: C F A E B D  Crossing detected. Not a polygon
paź 30, 2017 12:18:26 PM model.Polygon <init>
INFO: Crossing point: 0.0 -2.0
paź 30, 2017 12:18:26 PM PermutationAlgorithm findBestPermutation
INFO: For permutation: C F A B E D  Crossing detected. Not a polygon
paź 30, 2017 12:18:26 PM model.Polygon <init>
INFO: Crossing point: 0.0 -2.0
paź 30, 2017 12:18:26 PM PermutationAlgorithm findBestPermutation
INFO: For permutation: C F A B D E  Crossing detected. Not a polygon
paź 30, 2017 12:18:26 PM model.Polygon <init>
INFO: Crossing point: -1.0 -3.0
paź 30, 2017 12:18:26 PM PermutationAlgorithm findBestPermutation
INFO: For permutation: C F D A E B  Crossing detected. Not a polygon
paź 30, 2017 12:18:26 PM model.Polygon <init>
INFO: Crossing point: -1.0 -3.0
paź 30, 2017 12:18:26 PM PermutationAlgorithm findBestPermutation
INFO: For permutation: C F D A B E  Crossing detected. Not a polygon
paź 30, 2017 12:18:26 PM model.Polygon <init>
INFO: Crossing point: -1.0 -3.0
paź 30, 2017 12:18:26 PM PermutationAlgorithm findBestPermutation
INFO: For permutation: C F D E A B  Crossing detected. Not a polygon
paź 30, 2017 12:18:26 PM model.Polygon <init>
INFO: Crossing point: -1.0 -3.0
paź 30, 2017 12:18:26 PM PermutationAlgorithm findBestPermutation
INFO: For permutation: C F D E B A  Crossing detected. Not a polygon
paź 30, 2017 12:18:26 PM model.Polygon <init>
INFO: Crossing point: -1.0 -3.0
paź 30, 2017 12:18:26 PM PermutationAlgorithm findBestPermutation
INFO: For permutation: C F D B E A  Crossing detected. Not a polygon
paź 30, 2017 12:18:26 PM model.Polygon <init>
INFO: Crossing point: -1.0 -3.0
paź 30, 2017 12:18:26 PM PermutationAlgorithm findBestPermutation
INFO: For permutation: C F D B A E  Crossing detected. Not a polygon
paź 30, 2017 12:18:26 PM model.Polygon <init>
INFO: Crossing point: -2.0 -3.0
paź 30, 2017 12:18:26 PM PermutationAlgorithm findBestPermutation
INFO: For permutation: C F E D A B  Crossing detected. Not a polygon
paź 30, 2017 12:18:26 PM model.Polygon <init>
INFO: Crossing point: -1.0 -2.0
paź 30, 2017 12:18:26 PM PermutationAlgorithm findBestPermutation
INFO: For permutation: C F E A D B  Crossing detected. Not a polygon
paź 30, 2017 12:18:26 PM model.Polygon <init>
INFO: Crossing point: 0.0 -2.0
paź 30, 2017 12:18:26 PM PermutationAlgorithm findBestPermutation
INFO: For permutation: C F E A B D  Crossing detected. Not a polygon
paź 30, 2017 12:18:26 PM model.Polygon <init>
INFO: Crossing point: -0.0 -2.0
paź 30, 2017 12:18:26 PM PermutationAlgorithm findBestPermutation
INFO: For permutation: C F E B A D  Crossing detected. Not a polygon
paź 30, 2017 12:18:26 PM model.Polygon <init>
INFO: Crossing point: 0.0 -3.0
paź 30, 2017 12:18:26 PM PermutationAlgorithm findBestPermutation
INFO: For permutation: C F B D A E  Crossing detected. Not a polygon
paź 30, 2017 12:18:26 PM model.Polygon <init>
INFO: Crossing point: -0.0 -2.0
paź 30, 2017 12:18:26 PM PermutationAlgorithm findBestPermutation
INFO: For permutation: C F B E A D  Crossing detected. Not a polygon
paź 30, 2017 12:18:26 PM model.Polygon <init>
INFO: Crossing point: 0.0 -2.0
paź 30, 2017 12:18:26 PM PermutationAlgorithm findBestPermutation
INFO: For permutation: C F B A E D  Crossing detected. Not a polygon
paź 30, 2017 12:18:26 PM model.Polygon <init>
INFO: Crossing point: 1.0 -2.0
paź 30, 2017 12:18:26 PM PermutationAlgorithm findBestPermutation
INFO: For permutation: C F B A D E  Crossing detected. Not a polygon
paź 30, 2017 12:18:26 PM PermutationAlgorithm findBestPermutation
INFO: Best permutation: A B C D F E area: 6.0
paź 30, 2017 12:18:26 PM PermutationAlgorithm findBestPermutation
INFO: Acceptable permutations: 
0# A B C D F E 
1# A B C F D E 
2# E D F C B A 
3# E F D C B A 

paź 30, 2017 12:18:26 PM SortByAngleAlgorithm findBestOrder
INFO: Best order: E F D C B A area: 6.0
paź 30, 2017 12:18:26 PM model.Polygon <init>
INFO: Crossing point: 1.0 1.0
paź 30, 2017 12:18:26 PM PermutationAlgorithm findBestPermutation
INFO: For permutation: A B C E F D  Crossing detected. Not a polygon
paź 30, 2017 12:18:26 PM model.Polygon <init>
INFO: Crossing point: 2.0 1.0
paź 30, 2017 12:18:26 PM PermutationAlgorithm findBestPermutation
INFO: For permutation: A B C F E D  Crossing detected. Not a polygon
paź 30, 2017 12:18:26 PM model.Polygon <init>
INFO: Crossing point: 2.0 1.0
paź 30, 2017 12:18:26 PM PermutationAlgorithm findBestPermutation
INFO: For permutation: A B C F D E  Crossing detected. Not a polygon
paź 30, 2017 12:18:26 PM model.Polygon <init>
INFO: Crossing point: 1.0 0.0
paź 30, 2017 12:18:26 PM PermutationAlgorithm findBestPermutation
INFO: For permutation: A B D C F E  Crossing detected. Not a polygon
paź 30, 2017 12:18:26 PM model.Polygon <init>
INFO: Crossing point: 0.0 0.0
paź 30, 2017 12:18:26 PM PermutationAlgorithm findBestPermutation
INFO: For permutation: A B D E C F  Crossing detected. Not a polygon
paź 30, 2017 12:18:26 PM model.Polygon <init>
INFO: Crossing point: 0.0 0.0
paź 30, 2017 12:18:26 PM PermutationAlgorithm findBestPermutation
INFO: For permutation: A B D E F C  Crossing detected. Not a polygon
paź 30, 2017 12:18:26 PM model.Polygon <init>
INFO: Crossing point: 0.5 0.5
paź 30, 2017 12:18:26 PM PermutationAlgorithm findBestPermutation
INFO: For permutation: A B D F E C  Crossing detected. Not a polygon
paź 30, 2017 12:18:26 PM model.Polygon <init>
INFO: Crossing point: 0.5 0.5
paź 30, 2017 12:18:26 PM PermutationAlgorithm findBestPermutation
INFO: For permutation: A B D F C E  Crossing detected. Not a polygon
paź 30, 2017 12:18:26 PM model.Polygon <init>
INFO: Crossing point: 1.0 1.0
paź 30, 2017 12:18:26 PM PermutationAlgorithm findBestPermutation
INFO: For permutation: A B E D C F  Crossing detected. Not a polygon
paź 30, 2017 12:18:26 PM model.Polygon <init>
INFO: Crossing point: 1.0 1.0
paź 30, 2017 12:18:26 PM PermutationAlgorithm findBestPermutation
INFO: For permutation: A B E D F C  Crossing detected. Not a polygon
paź 30, 2017 12:18:26 PM model.Polygon <init>
INFO: Crossing point: 1.0 1.0
paź 30, 2017 12:18:26 PM PermutationAlgorithm findBestPermutation
INFO: For permutation: A B E C D F  Crossing detected. Not a polygon
paź 30, 2017 12:18:26 PM model.Polygon <init>
INFO: Crossing point: 1.0 1.0
paź 30, 2017 12:18:26 PM PermutationAlgorithm findBestPermutation
INFO: For permutation: A B E C F D  Crossing detected. Not a polygon
paź 30, 2017 12:18:26 PM model.Polygon <init>
INFO: Crossing point: 1.0 1.0
paź 30, 2017 12:18:26 PM PermutationAlgorithm findBestPermutation
INFO: For permutation: A B E F C D  Crossing detected. Not a polygon
paź 30, 2017 12:18:26 PM model.Polygon <init>
INFO: Crossing point: 1.0 1.0
paź 30, 2017 12:18:26 PM PermutationAlgorithm findBestPermutation
INFO: For permutation: A B E F D C  Crossing detected. Not a polygon
paź 30, 2017 12:18:26 PM model.Polygon <init>
INFO: Crossing point: 0.5 0.5
paź 30, 2017 12:18:26 PM PermutationAlgorithm findBestPermutation
INFO: For permutation: A B F D C E  Crossing detected. Not a polygon
paź 30, 2017 12:18:26 PM model.Polygon <init>
INFO: Crossing point: 1.0 1.0
paź 30, 2017 12:18:26 PM PermutationAlgorithm findBestPermutation
INFO: For permutation: A B F E C D  Crossing detected. Not a polygon
paź 30, 2017 12:18:26 PM model.Polygon <init>
INFO: Crossing point: 2.0 1.0
paź 30, 2017 12:18:26 PM PermutationAlgorithm findBestPermutation
INFO: For permutation: A B F C E D  Crossing detected. Not a polygon
paź 30, 2017 12:18:26 PM model.Polygon <init>
INFO: Crossing point: 2.0 1.0
paź 30, 2017 12:18:26 PM PermutationAlgorithm findBestPermutation
INFO: For permutation: A B F C D E  Crossing detected. Not a polygon
paź 30, 2017 12:18:26 PM model.Polygon <init>
INFO: Crossing point: 2.0 0.0
paź 30, 2017 12:18:26 PM PermutationAlgorithm findBestPermutation
INFO: For permutation: A C B E D F  Crossing detected. Not a polygon
paź 30, 2017 12:18:26 PM model.Polygon <init>
INFO: Crossing point: 2.0 0.0
paź 30, 2017 12:18:26 PM PermutationAlgorithm findBestPermutation
INFO: For permutation: A C B E F D  Crossing detected. Not a polygon
paź 30, 2017 12:18:26 PM model.Polygon <init>
INFO: Crossing point: 1.0 1.0
paź 30, 2017 12:18:26 PM PermutationAlgorithm findBestPermutation
INFO: For permutation: A C B F E D  Crossing detected. Not a polygon
paź 30, 2017 12:18:26 PM model.Polygon <init>
INFO: Crossing point: 1.5 0.5
paź 30, 2017 12:18:26 PM PermutationAlgorithm findBestPermutation
INFO: For permutation: A C B F D E  Crossing detected. Not a polygon
paź 30, 2017 12:18:26 PM model.Polygon <init>
INFO: Crossing point: 1.0 -1.0
paź 30, 2017 12:18:26 PM PermutationAlgorithm findBestPermutation
INFO: For permutation: A C D B E F  Crossing detected. Not a polygon
paź 30, 2017 12:18:26 PM model.Polygon <init>
INFO: Crossing point: 1.5 -0.5
paź 30, 2017 12:18:26 PM PermutationAlgorithm findBestPermutation
INFO: For permutation: A C D B F E  Crossing detected. Not a polygon
paź 30, 2017 12:18:26 PM model.Polygon <init>
INFO: Crossing point: 1.0 -1.0
paź 30, 2017 12:18:26 PM PermutationAlgorithm findBestPermutation
INFO: For permutation: A C D E B F  Crossing detected. Not a polygon
paź 30, 2017 12:18:26 PM model.Polygon <init>
INFO: Crossing point: 0.0 0.0
paź 30, 2017 12:18:26 PM PermutationAlgorithm findBestPermutation
INFO: For permutation: A C D F E B  Crossing detected. Not a polygon
paź 30, 2017 12:18:26 PM model.Polygon <init>
INFO: Crossing point: 0.0 0.0
paź 30, 2017 12:18:26 PM PermutationAlgorithm findBestPermutation
INFO: For permutation: A C D F B E  Crossing detected. Not a polygon
paź 30, 2017 12:18:26 PM model.Polygon <init>
INFO: Crossing point: 2.0 0.0
paź 30, 2017 12:18:26 PM PermutationAlgorithm findBestPermutation
INFO: For permutation: A C E B D F  Crossing detected. Not a polygon
paź 30, 2017 12:18:26 PM model.Polygon <init>
INFO: Crossing point: 2.0 0.0
paź 30, 2017 12:18:26 PM PermutationAlgorithm findBestPermutation
INFO: For permutation: A C E B F D  Crossing detected. Not a polygon
paź 30, 2017 12:18:26 PM model.Polygon <init>
INFO: Crossing point: 0.5 0.5
paź 30, 2017 12:18:26 PM PermutationAlgorithm findBestPermutation
INFO: For permutation: A C E F B D  Crossing detected. Not a polygon
paź 30, 2017 12:18:26 PM model.Polygon <init>
INFO: Crossing point: 0.5 0.5
paź 30, 2017 12:18:26 PM PermutationAlgorithm findBestPermutation
INFO: For permutation: A C E F D B  Crossing detected. Not a polygon
paź 30, 2017 12:18:26 PM model.Polygon <init>
INFO: Crossing point: 1.0 1.0
paź 30, 2017 12:18:26 PM PermutationAlgorithm findBestPermutation
INFO: For permutation: A C F D E B  Crossing detected. Not a polygon
paź 30, 2017 12:18:26 PM model.Polygon <init>
INFO: Crossing point: 1.0 1.0
paź 30, 2017 12:18:26 PM PermutationAlgorithm findBestPermutation
INFO: For permutation: A C F D B E  Crossing detected. Not a polygon
paź 30, 2017 12:18:26 PM model.Polygon <init>
INFO: Crossing point: 1.0 1.0
paź 30, 2017 12:18:26 PM PermutationAlgorithm findBestPermutation
INFO: For permutation: A C F E D B  Crossing detected. Not a polygon
paź 30, 2017 12:18:26 PM model.Polygon <init>
INFO: Crossing point: 1.0 1.0
paź 30, 2017 12:18:26 PM PermutationAlgorithm findBestPermutation
INFO: For permutation: A C F E B D  Crossing detected. Not a polygon
paź 30, 2017 12:18:26 PM model.Polygon <init>
INFO: Crossing point: 1.0 1.0
paź 30, 2017 12:18:26 PM PermutationAlgorithm findBestPermutation
INFO: For permutation: A C F B E D  Crossing detected. Not a polygon
paź 30, 2017 12:18:26 PM model.Polygon <init>
INFO: Crossing point: 1.0 1.0
paź 30, 2017 12:18:26 PM PermutationAlgorithm findBestPermutation
INFO: For permutation: A C F B D E  Crossing detected. Not a polygon
paź 30, 2017 12:18:26 PM model.Polygon <init>
INFO: Crossing point: 0.0 0.0
paź 30, 2017 12:18:26 PM PermutationAlgorithm findBestPermutation
INFO: For permutation: A D C B E F  Crossing detected. Not a polygon
paź 30, 2017 12:18:26 PM model.Polygon <init>
INFO: Crossing point: 0.0 0.0
paź 30, 2017 12:18:26 PM PermutationAlgorithm findBestPermutation
INFO: For permutation: A D C B F E  Crossing detected. Not a polygon
paź 30, 2017 12:18:26 PM model.Polygon <init>
INFO: Crossing point: 0.0 0.0
paź 30, 2017 12:18:26 PM PermutationAlgorithm findBestPermutation
INFO: For permutation: A D C E B F  Crossing detected. Not a polygon
paź 30, 2017 12:18:26 PM model.Polygon <init>
INFO: Crossing point: 0.0 0.0
paź 30, 2017 12:18:26 PM PermutationAlgorithm findBestPermutation
INFO: For permutation: A D C E F B  Crossing detected. Not a polygon
paź 30, 2017 12:18:26 PM model.Polygon <init>
INFO: Crossing point: 0.0 0.0
paź 30, 2017 12:18:26 PM PermutationAlgorithm findBestPermutation
INFO: For permutation: A D C F E B  Crossing detected. Not a polygon
paź 30, 2017 12:18:26 PM model.Polygon <init>
INFO: Crossing point: 0.0 0.0
paź 30, 2017 12:18:26 PM PermutationAlgorithm findBestPermutation
INFO: For permutation: A D C F B E  Crossing detected. Not a polygon
paź 30, 2017 12:18:26 PM model.Polygon <init>
INFO: Crossing point: 0.0 0.0
paź 30, 2017 12:18:26 PM PermutationAlgorithm findBestPermutation
INFO: For permutation: A D B C E F  Crossing detected. Not a polygon
paź 30, 2017 12:18:26 PM model.Polygon <init>
INFO: Crossing point: 0.0 0.0
paź 30, 2017 12:18:26 PM PermutationAlgorithm findBestPermutation
INFO: For permutation: A D B C F E  Crossing detected. Not a polygon
paź 30, 2017 12:18:26 PM model.Polygon <init>
INFO: Crossing point: 0.0 0.0
paź 30, 2017 12:18:26 PM PermutationAlgorithm findBestPermutation
INFO: For permutation: A D B E C F  Crossing detected. Not a polygon
paź 30, 2017 12:18:26 PM model.Polygon <init>
INFO: Crossing point: 0.0 0.0
paź 30, 2017 12:18:26 PM PermutationAlgorithm findBestPermutation
INFO: For permutation: A D B E F C  Crossing detected. Not a polygon
paź 30, 2017 12:18:26 PM model.Polygon <init>
INFO: Crossing point: 0.0 0.0
paź 30, 2017 12:18:26 PM PermutationAlgorithm findBestPermutation
INFO: For permutation: A D B F E C  Crossing detected. Not a polygon
paź 30, 2017 12:18:26 PM model.Polygon <init>
INFO: Crossing point: 0.0 0.0
paź 30, 2017 12:18:26 PM PermutationAlgorithm findBestPermutation
INFO: For permutation: A D B F C E  Crossing detected. Not a polygon
paź 30, 2017 12:18:26 PM model.Polygon <init>
INFO: Crossing point: 0.0 0.0
paź 30, 2017 12:18:26 PM PermutationAlgorithm findBestPermutation
INFO: For permutation: A D E B C F  Crossing detected. Not a polygon
paź 30, 2017 12:18:26 PM model.Polygon <init>
INFO: Crossing point: 0.0 0.0
paź 30, 2017 12:18:26 PM PermutationAlgorithm findBestPermutation
INFO: For permutation: A D E B F C  Crossing detected. Not a polygon
paź 30, 2017 12:18:26 PM model.Polygon <init>
INFO: Crossing point: 0.0 0.0
paź 30, 2017 12:18:26 PM PermutationAlgorithm findBestPermutation
INFO: For permutation: A D E C B F  Crossing detected. Not a polygon
paź 30, 2017 12:18:26 PM model.Polygon <init>
INFO: Crossing point: 0.0 0.0
paź 30, 2017 12:18:26 PM PermutationAlgorithm findBestPermutation
INFO: For permutation: A D E C F B  Crossing detected. Not a polygon
paź 30, 2017 12:18:26 PM model.Polygon <init>
INFO: Crossing point: 0.0 0.0
paź 30, 2017 12:18:26 PM PermutationAlgorithm findBestPermutation
INFO: For permutation: A D E F C B  Crossing detected. Not a polygon
paź 30, 2017 12:18:26 PM model.Polygon <init>
INFO: Crossing point: 0.0 0.0
paź 30, 2017 12:18:26 PM PermutationAlgorithm findBestPermutation
INFO: For permutation: A D E F B C  Crossing detected. Not a polygon
paź 30, 2017 12:18:26 PM model.Polygon <init>
INFO: Crossing point: 0.0 0.0
paź 30, 2017 12:18:26 PM PermutationAlgorithm findBestPermutation
INFO: For permutation: A D F B E C  Crossing detected. Not a polygon
paź 30, 2017 12:18:26 PM model.Polygon <init>
INFO: Crossing point: 0.0 0.0
paź 30, 2017 12:18:26 PM PermutationAlgorithm findBestPermutation
INFO: For permutation: A D F B C E  Crossing detected. Not a polygon
paź 30, 2017 12:18:26 PM model.Polygon <init>
INFO: Crossing point: 0.0 0.0
paź 30, 2017 12:18:26 PM PermutationAlgorithm findBestPermutation
INFO: For permutation: A D F E B C  Crossing detected. Not a polygon
paź 30, 2017 12:18:26 PM model.Polygon <init>
INFO: Crossing point: 0.0 0.0
paź 30, 2017 12:18:26 PM PermutationAlgorithm findBestPermutation
INFO: For permutation: A D F E C B  Crossing detected. Not a polygon
paź 30, 2017 12:18:26 PM model.Polygon <init>
INFO: Crossing point: 0.0 0.0
paź 30, 2017 12:18:26 PM PermutationAlgorithm findBestPermutation
INFO: For permutation: A D F C E B  Crossing detected. Not a polygon
paź 30, 2017 12:18:26 PM model.Polygon <init>
INFO: Crossing point: 0.0 0.0
paź 30, 2017 12:18:26 PM PermutationAlgorithm findBestPermutation
INFO: For permutation: A D F C B E  Crossing detected. Not a polygon
paź 30, 2017 12:18:26 PM model.Polygon <init>
INFO: Crossing point: 0.5 0.5
paź 30, 2017 12:18:26 PM PermutationAlgorithm findBestPermutation
INFO: For permutation: A E C D B F  Crossing detected. Not a polygon
paź 30, 2017 12:18:26 PM model.Polygon <init>
INFO: Crossing point: 0.5 0.5
paź 30, 2017 12:18:26 PM PermutationAlgorithm findBestPermutation
INFO: For permutation: A E C D F B  Crossing detected. Not a polygon
paź 30, 2017 12:18:26 PM model.Polygon <init>
INFO: Crossing point: 0.5 0.5
paź 30, 2017 12:18:26 PM PermutationAlgorithm findBestPermutation
INFO: For permutation: A E C B D F  Crossing detected. Not a polygon
paź 30, 2017 12:18:26 PM model.Polygon <init>
INFO: Crossing point: 0.5 0.5
paź 30, 2017 12:18:26 PM PermutationAlgorithm findBestPermutation
INFO: For permutation: A E C B F D  Crossing detected. Not a polygon
paź 30, 2017 12:18:26 PM model.Polygon <init>
INFO: Crossing point: 0.5 0.5
paź 30, 2017 12:18:26 PM PermutationAlgorithm findBestPermutation
INFO: For permutation: A E C F B D  Crossing detected. Not a polygon
paź 30, 2017 12:18:26 PM model.Polygon <init>
INFO: Crossing point: 0.5 0.5
paź 30, 2017 12:18:26 PM PermutationAlgorithm findBestPermutation
INFO: For permutation: A E C F D B  Crossing detected. Not a polygon
paź 30, 2017 12:18:26 PM model.Polygon <init>
INFO: Crossing point: -1.0 0.0
paź 30, 2017 12:18:26 PM PermutationAlgorithm findBestPermutation
INFO: For permutation: A E D C F B  Crossing detected. Not a polygon
paź 30, 2017 12:18:26 PM model.Polygon <init>
INFO: Crossing point: 0.0 0.0
paź 30, 2017 12:18:26 PM PermutationAlgorithm findBestPermutation
INFO: For permutation: A E D B C F  Crossing detected. Not a polygon
paź 30, 2017 12:18:26 PM model.Polygon <init>
INFO: Crossing point: 0.0 0.0
paź 30, 2017 12:18:26 PM PermutationAlgorithm findBestPermutation
INFO: For permutation: A E D B F C  Crossing detected. Not a polygon
paź 30, 2017 12:18:26 PM model.Polygon <init>
INFO: Crossing point: -1.0 0.0
paź 30, 2017 12:18:26 PM PermutationAlgorithm findBestPermutation
INFO: For permutation: A E D F C B  Crossing detected. Not a polygon
paź 30, 2017 12:18:26 PM model.Polygon <init>
INFO: Crossing point: 1.0 1.0
paź 30, 2017 12:18:26 PM PermutationAlgorithm findBestPermutation
INFO: For permutation: A E B D C F  Crossing detected. Not a polygon
paź 30, 2017 12:18:26 PM model.Polygon <init>
INFO: Crossing point: 1.0 1.0
paź 30, 2017 12:18:26 PM PermutationAlgorithm findBestPermutation
INFO: For permutation: A E B D F C  Crossing detected. Not a polygon
paź 30, 2017 12:18:26 PM model.Polygon <init>
INFO: Crossing point: 1.0 1.0
paź 30, 2017 12:18:26 PM PermutationAlgorithm findBestPermutation
INFO: For permutation: A E B C D F  Crossing detected. Not a polygon
paź 30, 2017 12:18:26 PM model.Polygon <init>
INFO: Crossing point: 1.0 1.0
paź 30, 2017 12:18:26 PM PermutationAlgorithm findBestPermutation
INFO: For permutation: A E B C F D  Crossing detected. Not a polygon
paź 30, 2017 12:18:26 PM model.Polygon <init>
INFO: Crossing point: 1.0 1.0
paź 30, 2017 12:18:26 PM PermutationAlgorithm findBestPermutation
INFO: For permutation: A E B F C D  Crossing detected. Not a polygon
paź 30, 2017 12:18:26 PM model.Polygon <init>
INFO: Crossing point: 1.0 1.0
paź 30, 2017 12:18:26 PM PermutationAlgorithm findBestPermutation
INFO: For permutation: A E B F D C  Crossing detected. Not a polygon
paź 30, 2017 12:18:26 PM model.Polygon <init>
INFO: Crossing point: -0.5 1.5
paź 30, 2017 12:18:26 PM PermutationAlgorithm findBestPermutation
INFO: For permutation: A E F B D C  Crossing detected. Not a polygon
paź 30, 2017 12:18:26 PM model.Polygon <init>
INFO: Crossing point: 1.0 1.0
paź 30, 2017 12:18:26 PM PermutationAlgorithm findBestPermutation
INFO: For permutation: A E F B C D  Crossing detected. Not a polygon
paź 30, 2017 12:18:26 PM model.Polygon <init>
INFO: Crossing point: 0.0 1.0
paź 30, 2017 12:18:26 PM PermutationAlgorithm findBestPermutation
INFO: For permutation: A E F C B D  Crossing detected. Not a polygon
paź 30, 2017 12:18:26 PM model.Polygon <init>
INFO: Crossing point: 0.0 1.0
paź 30, 2017 12:18:26 PM PermutationAlgorithm findBestPermutation
INFO: For permutation: A E F C D B  Crossing detected. Not a polygon
paź 30, 2017 12:18:26 PM model.Polygon <init>
INFO: Crossing point: 1.0 1.0
paź 30, 2017 12:18:26 PM PermutationAlgorithm findBestPermutation
INFO: For permutation: A F C D E B  Crossing detected. Not a polygon
paź 30, 2017 12:18:26 PM model.Polygon <init>
INFO: Crossing point: 1.0 1.0
paź 30, 2017 12:18:26 PM PermutationAlgorithm findBestPermutation
INFO: For permutation: A F C D B E  Crossing detected. Not a polygon
paź 30, 2017 12:18:26 PM model.Polygon <init>
INFO: Crossing point: 1.0 1.0
paź 30, 2017 12:18:26 PM PermutationAlgorithm findBestPermutation
INFO: For permutation: A F C E D B  Crossing detected. Not a polygon
paź 30, 2017 12:18:26 PM model.Polygon <init>
INFO: Crossing point: 1.0 1.0
paź 30, 2017 12:18:26 PM PermutationAlgorithm findBestPermutation
INFO: For permutation: A F C E B D  Crossing detected. Not a polygon
paź 30, 2017 12:18:26 PM model.Polygon <init>
INFO: Crossing point: 1.0 1.0
paź 30, 2017 12:18:26 PM PermutationAlgorithm findBestPermutation
INFO: For permutation: A F C B E D  Crossing detected. Not a polygon
paź 30, 2017 12:18:26 PM model.Polygon <init>
INFO: Crossing point: 1.0 1.0
paź 30, 2017 12:18:26 PM PermutationAlgorithm findBestPermutation
INFO: For permutation: A F C B D E  Crossing detected. Not a polygon
paź 30, 2017 12:18:26 PM model.Polygon <init>
INFO: Crossing point: 0.0 0.0
paź 30, 2017 12:18:26 PM PermutationAlgorithm findBestPermutation
INFO: For permutation: A F D C E B  Crossing detected. Not a polygon
paź 30, 2017 12:18:26 PM model.Polygon <init>
INFO: Crossing point: 0.0 0.0
paź 30, 2017 12:18:26 PM PermutationAlgorithm findBestPermutation
INFO: For permutation: A F D C B E  Crossing detected. Not a polygon
paź 30, 2017 12:18:26 PM model.Polygon <init>
INFO: Crossing point: -1.0 1.0
paź 30, 2017 12:18:26 PM PermutationAlgorithm findBestPermutation
INFO: For permutation: A F D E B C  Crossing detected. Not a polygon
paź 30, 2017 12:18:26 PM model.Polygon <init>
INFO: Crossing point: -1.0 1.0
paź 30, 2017 12:18:26 PM PermutationAlgorithm findBestPermutation
INFO: For permutation: A F D B E C  Crossing detected. Not a polygon
paź 30, 2017 12:18:26 PM model.Polygon <init>
INFO: Crossing point: 0.5 0.5
paź 30, 2017 12:18:26 PM PermutationAlgorithm findBestPermutation
INFO: For permutation: A F D B C E  Crossing detected. Not a polygon
paź 30, 2017 12:18:26 PM model.Polygon <init>
INFO: Crossing point: 1.0 1.0
paź 30, 2017 12:18:26 PM PermutationAlgorithm findBestPermutation
INFO: For permutation: A F E C B D  Crossing detected. Not a polygon
paź 30, 2017 12:18:26 PM model.Polygon <init>
INFO: Crossing point: -0.0 2.0
paź 30, 2017 12:18:26 PM PermutationAlgorithm findBestPermutation
INFO: For permutation: A F E B C D  Crossing detected. Not a polygon
paź 30, 2017 12:18:26 PM model.Polygon <init>
INFO: Crossing point: -0.0 2.0
paź 30, 2017 12:18:26 PM PermutationAlgorithm findBestPermutation
INFO: For permutation: A F E B D C  Crossing detected. Not a polygon
paź 30, 2017 12:18:26 PM model.Polygon <init>
INFO: Crossing point: 0.5 1.5
paź 30, 2017 12:18:26 PM PermutationAlgorithm findBestPermutation
INFO: For permutation: A F B D E C  Crossing detected. Not a polygon
paź 30, 2017 12:18:26 PM model.Polygon <init>
INFO: Crossing point: 0.5 1.5
paź 30, 2017 12:18:26 PM PermutationAlgorithm findBestPermutation
INFO: For permutation: A F B D C E  Crossing detected. Not a polygon
paź 30, 2017 12:18:26 PM model.Polygon <init>
INFO: Crossing point: -0.0 2.0
paź 30, 2017 12:18:26 PM PermutationAlgorithm findBestPermutation
INFO: For permutation: A F B E D C  Crossing detected. Not a polygon
paź 30, 2017 12:18:26 PM model.Polygon <init>
INFO: Crossing point: -0.0 2.0
paź 30, 2017 12:18:26 PM PermutationAlgorithm findBestPermutation
INFO: For permutation: A F B E C D  Crossing detected. Not a polygon
paź 30, 2017 12:18:26 PM model.Polygon <init>
INFO: Crossing point: 1.0 1.0
paź 30, 2017 12:18:26 PM PermutationAlgorithm findBestPermutation
INFO: For permutation: A F B C E D  Crossing detected. Not a polygon
paź 30, 2017 12:18:26 PM model.Polygon <init>
INFO: Crossing point: 2.0 1.0
paź 30, 2017 12:18:26 PM PermutationAlgorithm findBestPermutation
INFO: For permutation: B A C D E F  Crossing detected. Not a polygon
paź 30, 2017 12:18:26 PM model.Polygon <init>
INFO: Crossing point: 2.0 1.0
paź 30, 2017 12:18:26 PM PermutationAlgorithm findBestPermutation
INFO: For permutation: B A C D F E  Crossing detected. Not a polygon
paź 30, 2017 12:18:26 PM model.Polygon <init>
INFO: Crossing point: 2.0 1.0
paź 30, 2017 12:18:26 PM PermutationAlgorithm findBestPermutation
INFO: For permutation: B A D C E F  Crossing detected. Not a polygon
paź 30, 2017 12:18:26 PM model.Polygon <init>
INFO: Crossing point: 2.0 1.0
paź 30, 2017 12:18:26 PM PermutationAlgorithm findBestPermutation
INFO: For permutation: B A D C F E  Crossing detected. Not a polygon
paź 30, 2017 12:18:26 PM model.Polygon <init>
INFO: Crossing point: 1.0 1.0
paź 30, 2017 12:18:26 PM PermutationAlgorithm findBestPermutation
INFO: For permutation: B A E D C F  Crossing detected. Not a polygon
paź 30, 2017 12:18:26 PM model.Polygon <init>
INFO: Crossing point: 1.0 1.0
paź 30, 2017 12:18:26 PM PermutationAlgorithm findBestPermutation
INFO: For permutation: B A E C D F  Crossing detected. Not a polygon
paź 30, 2017 12:18:26 PM model.Polygon <init>
INFO: Crossing point: -0.0 2.0
paź 30, 2017 12:18:26 PM PermutationAlgorithm findBestPermutation
INFO: For permutation: B A E F C D  Crossing detected. Not a polygon
paź 30, 2017 12:18:26 PM model.Polygon <init>
INFO: Crossing point: 1.0 2.0
paź 30, 2017 12:18:26 PM PermutationAlgorithm findBestPermutation
INFO: For permutation: B A F D C E  Crossing detected. Not a polygon
paź 30, 2017 12:18:26 PM model.Polygon <init>
INFO: Crossing point: 0.0 2.0
paź 30, 2017 12:18:26 PM PermutationAlgorithm findBestPermutation
INFO: For permutation: B A F E D C  Crossing detected. Not a polygon
paź 30, 2017 12:18:26 PM model.Polygon <init>
INFO: Crossing point: -0.0 2.0
paź 30, 2017 12:18:26 PM PermutationAlgorithm findBestPermutation
INFO: For permutation: B A F E C D  Crossing detected. Not a polygon
paź 30, 2017 12:18:26 PM model.Polygon <init>
INFO: Crossing point: 1.0 2.0
paź 30, 2017 12:18:26 PM PermutationAlgorithm findBestPermutation
INFO: For permutation: B A F C D E  Crossing detected. Not a polygon
paź 30, 2017 12:18:26 PM model.Polygon <init>
INFO: Crossing point: 1.0 0.0
paź 30, 2017 12:18:26 PM PermutationAlgorithm findBestPermutation
INFO: For permutation: B C D A E F  Crossing detected. Not a polygon
paź 30, 2017 12:18:26 PM model.Polygon <init>
INFO: Crossing point: 1.0 0.0
paź 30, 2017 12:18:26 PM PermutationAlgorithm findBestPermutation
INFO: For permutation: B C D A F E  Crossing detected. Not a polygon
paź 30, 2017 12:18:26 PM model.Polygon <init>
INFO: Crossing point: 1.0 0.0
paź 30, 2017 12:18:26 PM PermutationAlgorithm findBestPermutation
INFO: For permutation: B C D E A F  Crossing detected. Not a polygon
paź 30, 2017 12:18:26 PM model.Polygon <init>
INFO: Crossing point: 1.0 0.0
paź 30, 2017 12:18:26 PM PermutationAlgorithm findBestPermutation
INFO: For permutation: B C D E F A  Crossing detected. Not a polygon
paź 30, 2017 12:18:26 PM model.Polygon <init>
INFO: Crossing point: 1.0 0.0
paź 30, 2017 12:18:26 PM PermutationAlgorithm findBestPermutation
INFO: For permutation: B C D F E A  Crossing detected. Not a polygon
paź 30, 2017 12:18:26 PM model.Polygon <init>
INFO: Crossing point: 1.0 0.0
paź 30, 2017 12:18:26 PM PermutationAlgorithm findBestPermutation
INFO: For permutation: B C D F A E  Crossing detected. Not a polygon
paź 30, 2017 12:18:26 PM model.Polygon <init>
INFO: Crossing point: -0.0 -0.0
paź 30, 2017 12:18:26 PM PermutationAlgorithm findBestPermutation
INFO: For permutation: B C E D A F  Crossing detected. Not a polygon
paź 30, 2017 12:18:26 PM model.Polygon <init>
INFO: Crossing point: -0.0 -0.0
paź 30, 2017 12:18:26 PM PermutationAlgorithm findBestPermutation
INFO: For permutation: B C E D F A  Crossing detected. Not a polygon
paź 30, 2017 12:18:26 PM model.Polygon <init>
INFO: Crossing point: 1.0 0.0
paź 30, 2017 12:18:26 PM PermutationAlgorithm findBestPermutation
INFO: For permutation: B D C A E F  Crossing detected. Not a polygon
paź 30, 2017 12:18:26 PM model.Polygon <init>
INFO: Crossing point: 1.0 0.0
paź 30, 2017 12:18:26 PM PermutationAlgorithm findBestPermutation
INFO: For permutation: B D C A F E  Crossing detected. Not a polygon
paź 30, 2017 12:18:26 PM model.Polygon <init>
INFO: Crossing point: 1.0 0.0
paź 30, 2017 12:18:26 PM PermutationAlgorithm findBestPermutation
INFO: For permutation: B D C E A F  Crossing detected. Not a polygon
paź 30, 2017 12:18:26 PM model.Polygon <init>
INFO: Crossing point: 1.0 0.0
paź 30, 2017 12:18:26 PM PermutationAlgorithm findBestPermutation
INFO: For permutation: B D C E F A  Crossing detected. Not a polygon
paź 30, 2017 12:18:26 PM model.Polygon <init>
INFO: Crossing point: 1.0 0.0
paź 30, 2017 12:18:26 PM PermutationAlgorithm findBestPermutation
INFO: For permutation: B D C F E A  Crossing detected. Not a polygon
paź 30, 2017 12:18:26 PM model.Polygon <init>
INFO: Crossing point: 1.0 0.0
paź 30, 2017 12:18:26 PM PermutationAlgorithm findBestPermutation
INFO: For permutation: B D C F A E  Crossing detected. Not a polygon
paź 30, 2017 12:18:26 PM model.Polygon <init>
INFO: Crossing point: 0.0 0.0
paź 30, 2017 12:18:26 PM PermutationAlgorithm findBestPermutation
INFO: For permutation: B D E C A F  Crossing detected. Not a polygon
paź 30, 2017 12:18:26 PM model.Polygon <init>
INFO: Crossing point: 0.0 0.0
paź 30, 2017 12:18:26 PM PermutationAlgorithm findBestPermutation
INFO: For permutation: B D E C F A  Crossing detected. Not a polygon
paź 30, 2017 12:18:26 PM model.Polygon <init>
INFO: Crossing point: -0.0 -0.0
paź 30, 2017 12:18:26 PM PermutationAlgorithm findBestPermutation
INFO: For permutation: B E C D A F  Crossing detected. Not a polygon
paź 30, 2017 12:18:26 PM model.Polygon <init>
INFO: Crossing point: -0.0 -0.0
paź 30, 2017 12:18:26 PM PermutationAlgorithm findBestPermutation
INFO: For permutation: B E C D F A  Crossing detected. Not a polygon
paź 30, 2017 12:18:26 PM model.Polygon <init>
INFO: Crossing point: 0.0 0.0
paź 30, 2017 12:18:26 PM PermutationAlgorithm findBestPermutation
INFO: For permutation: B E D C A F  Crossing detected. Not a polygon
paź 30, 2017 12:18:26 PM model.Polygon <init>
INFO: Crossing point: 0.0 0.0
paź 30, 2017 12:18:26 PM PermutationAlgorithm findBestPermutation
INFO: For permutation: B E D C F A  Crossing detected. Not a polygon
paź 30, 2017 12:18:26 PM model.Polygon <init>
INFO: Crossing point: 1.0 1.0
paź 30, 2017 12:18:26 PM PermutationAlgorithm findBestPermutation
INFO: For permutation: B E A D C F  Crossing detected. Not a polygon
paź 30, 2017 12:18:26 PM model.Polygon <init>
INFO: Crossing point: 1.0 1.0
paź 30, 2017 12:18:26 PM PermutationAlgorithm findBestPermutation
INFO: For permutation: B E A C D F  Crossing detected. Not a polygon
paź 30, 2017 12:18:26 PM model.Polygon <init>
INFO: Crossing point: -0.0 2.0
paź 30, 2017 12:18:26 PM PermutationAlgorithm findBestPermutation
INFO: For permutation: B E A F C D  Crossing detected. Not a polygon
paź 30, 2017 12:18:26 PM model.Polygon <init>
INFO: Crossing point: -1.0 1.0
paź 30, 2017 12:18:26 PM PermutationAlgorithm findBestPermutation
INFO: For permutation: B E F D C A  Crossing detected. Not a polygon
paź 30, 2017 12:18:26 PM model.Polygon <init>
INFO: Crossing point: 0.0 2.0
paź 30, 2017 12:18:26 PM PermutationAlgorithm findBestPermutation
INFO: For permutation: B E F A D C  Crossing detected. Not a polygon
paź 30, 2017 12:18:26 PM model.Polygon <init>
INFO: Crossing point: -1.0 1.0
paź 30, 2017 12:18:26 PM PermutationAlgorithm findBestPermutation
INFO: For permutation: B E F C D A  Crossing detected. Not a polygon
paź 30, 2017 12:18:26 PM model.Polygon <init>
INFO: Crossing point: -0.0 1.0
paź 30, 2017 12:18:26 PM PermutationAlgorithm findBestPermutation
INFO: For permutation: B F C D E A  Crossing detected. Not a polygon
paź 30, 2017 12:18:26 PM model.Polygon <init>
INFO: Crossing point: -0.0 1.0
paź 30, 2017 12:18:26 PM PermutationAlgorithm findBestPermutation
INFO: For permutation: B F C D A E  Crossing detected. Not a polygon
paź 30, 2017 12:18:26 PM model.Polygon <init>
INFO: Crossing point: -0.0 1.0
paź 30, 2017 12:18:26 PM PermutationAlgorithm findBestPermutation
INFO: For permutation: B F D C E A  Crossing detected. Not a polygon
paź 30, 2017 12:18:26 PM model.Polygon <init>
INFO: Crossing point: -0.0 1.0
paź 30, 2017 12:18:26 PM PermutationAlgorithm findBestPermutation
INFO: For permutation: B F D C A E  Crossing detected. Not a polygon
paź 30, 2017 12:18:26 PM model.Polygon <init>
INFO: Crossing point: -1.0 1.0
paź 30, 2017 12:18:26 PM PermutationAlgorithm findBestPermutation
INFO: For permutation: B F E D C A  Crossing detected. Not a polygon
paź 30, 2017 12:18:26 PM model.Polygon <init>
INFO: Crossing point: -1.0 1.0
paź 30, 2017 12:18:26 PM PermutationAlgorithm findBestPermutation
INFO: For permutation: B F E C D A  Crossing detected. Not a polygon
paź 30, 2017 12:18:26 PM model.Polygon <init>
INFO: Crossing point: 0.0 2.0
paź 30, 2017 12:18:26 PM PermutationAlgorithm findBestPermutation
INFO: For permutation: B F E A D C  Crossing detected. Not a polygon
paź 30, 2017 12:18:26 PM model.Polygon <init>
INFO: Crossing point: 1.0 2.0
paź 30, 2017 12:18:26 PM PermutationAlgorithm findBestPermutation
INFO: For permutation: B F A D C E  Crossing detected. Not a polygon
paź 30, 2017 12:18:26 PM model.Polygon <init>
INFO: Crossing point: 0.0 2.0
paź 30, 2017 12:18:26 PM PermutationAlgorithm findBestPermutation
INFO: For permutation: B F A E D C  Crossing detected. Not a polygon
paź 30, 2017 12:18:26 PM model.Polygon <init>
INFO: Crossing point: -0.0 2.0
paź 30, 2017 12:18:26 PM PermutationAlgorithm findBestPermutation
INFO: For permutation: B F A E C D  Crossing detected. Not a polygon
paź 30, 2017 12:18:26 PM model.Polygon <init>
INFO: Crossing point: 1.0 2.0
paź 30, 2017 12:18:26 PM PermutationAlgorithm findBestPermutation
INFO: For permutation: B F A C D E  Crossing detected. Not a polygon
paź 30, 2017 12:18:26 PM PermutationAlgorithm findBestPermutation
INFO: Best permutation: A B C D E F area: 4.0
paź 30, 2017 12:18:26 PM PermutationAlgorithm findBestPermutation
INFO: Acceptable permutations: 
0# A B C D E F 
1# A F E D C B 
2# B A F E D C 
3# B C D E F A 
4# C B A F E D 
5# C D E F A B 
6# D C B A F E 
7# D E F A B C 
8# E D C B A F 
9# E F A B C D 
10# F E D C B A 
11# F A B C D E 

paź 30, 2017 12:18:26 PM SortByAngleAlgorithm findBestOrder
INFO: Best order: A F E D C B area: 4.0
